[2025-01-15T10:10:41.164+0000] {local_task_job_runner.py:123} INFO - ::group::Pre task execution logs
[2025-01-15T10:10:41.214+0000] {taskinstance.py:2613} INFO - Dependencies all met for dep_context=non-requeueable deps ti=<TaskInstance: tutorial.sleep scheduled__2025-01-14T00:00:00+00:00 [queued]>
[2025-01-15T10:10:41.235+0000] {taskinstance.py:2613} INFO - Dependencies all met for dep_context=requeueable deps ti=<TaskInstance: tutorial.sleep scheduled__2025-01-14T00:00:00+00:00 [queued]>
[2025-01-15T10:10:41.236+0000] {taskinstance.py:2866} INFO - Starting attempt 1 of 4
[2025-01-15T10:10:41.264+0000] {taskinstance.py:2889} INFO - Executing <Task(BashOperator): sleep> on 2025-01-14 00:00:00+00:00
[2025-01-15T10:10:41.290+0000] {standard_task_runner.py:104} INFO - Running: ['***', 'tasks', 'run', 'tutorial', 'sleep', 'scheduled__2025-01-14T00:00:00+00:00', '--job-id', '4', '--raw', '--subdir', '/home/***/.local/lib/python3.12/site-packages/***/example_dags/tutorial.py', '--cfg-path', '/tmp/tmpq_1ux25g']
[2025-01-15T10:10:41.286+0000] {warnings.py:112} WARNING - /home/***/.local/lib/python3.12/site-packages/***/task/task_runner/standard_task_runner.py:70: DeprecationWarning: This process (pid=147) is multi-threaded, use of fork() may lead to deadlocks in the child.
  pid = os.fork()

[2025-01-15T10:10:41.295+0000] {standard_task_runner.py:105} INFO - Job 4: Subtask sleep
[2025-01-15T10:10:41.296+0000] {standard_task_runner.py:72} INFO - Started process 151 to run task
[2025-01-15T10:10:42.725+0000] {task_command.py:467} INFO - Running <TaskInstance: tutorial.sleep scheduled__2025-01-14T00:00:00+00:00 [running]> on host cccb2029747c
[2025-01-15T10:10:43.039+0000] {taskinstance.py:3132} INFO - Exporting env vars: AIRFLOW_CTX_DAG_EMAIL='***@example.com' AIRFLOW_CTX_DAG_OWNER='***' AIRFLOW_CTX_DAG_ID='tutorial' AIRFLOW_CTX_TASK_ID='sleep' AIRFLOW_CTX_EXECUTION_DATE='2025-01-14T00:00:00+00:00' AIRFLOW_CTX_TRY_NUMBER='1' AIRFLOW_CTX_DAG_RUN_ID='scheduled__2025-01-14T00:00:00+00:00'
[2025-01-15T10:10:43.041+0000] {logging_mixin.py:190} INFO - Task instance is in running state
[2025-01-15T10:10:43.042+0000] {logging_mixin.py:190} INFO -  Previous state of the Task instance: queued
[2025-01-15T10:10:43.042+0000] {logging_mixin.py:190} INFO - Current task name:sleep state:running start_date:2025-01-15 10:10:41.214584+00:00
[2025-01-15T10:10:43.042+0000] {logging_mixin.py:190} INFO - Dag name:tutorial and current dag run status:running
[2025-01-15T10:10:43.043+0000] {taskinstance.py:731} INFO - ::endgroup::
[2025-01-15T10:10:43.045+0000] {subprocess.py:78} INFO - Tmp dir root location: /tmp
[2025-01-15T10:10:43.049+0000] {subprocess.py:88} INFO - Running command: ['/usr/bin/bash', '-c', 'sleep 5']
[2025-01-15T10:10:43.080+0000] {subprocess.py:99} INFO - Output:
[2025-01-15T10:10:48.094+0000] {subprocess.py:110} INFO - Command exited with return code 0
[2025-01-15T10:10:48.154+0000] {taskinstance.py:340} INFO - ::group::Post task execution logs
[2025-01-15T10:10:48.155+0000] {taskinstance.py:352} INFO - Marking task as SUCCESS. dag_id=tutorial, task_id=sleep, run_id=scheduled__2025-01-14T00:00:00+00:00, execution_date=20250114T000000, start_date=20250115T101041, end_date=20250115T101048
[2025-01-15T10:10:48.177+0000] {logging_mixin.py:190} INFO - Task instance in success state
[2025-01-15T10:10:48.178+0000] {logging_mixin.py:190} INFO -  Previous state of the Task instance: running
[2025-01-15T10:10:48.179+0000] {logging_mixin.py:190} INFO - Dag name:tutorial queued_at:2025-01-15 10:10:27.243518+00:00
[2025-01-15T10:10:48.179+0000] {logging_mixin.py:190} INFO - Task hostname:cccb2029747c operator:BashOperator
[2025-01-15T10:10:48.215+0000] {local_task_job_runner.py:266} INFO - Task exited with return code 0
[2025-01-15T10:10:48.246+0000] {taskinstance.py:3895} INFO - 0 downstream tasks scheduled from follow-on schedule check
[2025-01-15T10:10:48.251+0000] {local_task_job_runner.py:245} INFO - ::endgroup::
