[2025-01-15T11:31:26.172+0000] {local_task_job_runner.py:123} INFO - ::group::Pre task execution logs
[2025-01-15T11:31:26.214+0000] {taskinstance.py:2613} INFO - Dependencies all met for dep_context=non-requeueable deps ti=<TaskInstance: download_rocket_launches.download_launches manual__2025-01-15T11:31:23.523480+00:00 [queued]>
[2025-01-15T11:31:26.230+0000] {taskinstance.py:2613} INFO - Dependencies all met for dep_context=requeueable deps ti=<TaskInstance: download_rocket_launches.download_launches manual__2025-01-15T11:31:23.523480+00:00 [queued]>
[2025-01-15T11:31:26.231+0000] {taskinstance.py:2866} INFO - Starting attempt 1 of 1
[2025-01-15T11:31:26.258+0000] {taskinstance.py:2889} INFO - Executing <Task(BashOperator): download_launches> on 2025-01-15 11:31:23.523480+00:00
[2025-01-15T11:31:26.267+0000] {warnings.py:112} WARNING - /home/***/.local/lib/python3.12/site-packages/***/task/task_runner/standard_task_runner.py:70: DeprecationWarning: This process (pid=281) is multi-threaded, use of fork() may lead to deadlocks in the child.
  pid = os.fork()

[2025-01-15T11:31:26.270+0000] {standard_task_runner.py:72} INFO - Started process 282 to run task
[2025-01-15T11:31:26.271+0000] {standard_task_runner.py:104} INFO - Running: ['***', 'tasks', 'run', 'download_rocket_launches', 'download_launches', 'manual__2025-01-15T11:31:23.523480+00:00', '--job-id', '8', '--raw', '--subdir', 'DAGS_FOLDER/locketlunch.py', '--cfg-path', '/tmp/tmp4lwscwwe']
[2025-01-15T11:31:26.272+0000] {standard_task_runner.py:105} INFO - Job 8: Subtask download_launches
[2025-01-15T11:31:26.342+0000] {task_command.py:467} INFO - Running <TaskInstance: download_rocket_launches.download_launches manual__2025-01-15T11:31:23.523480+00:00 [running]> on host de2f104ef850
[2025-01-15T11:31:26.476+0000] {taskinstance.py:3132} INFO - Exporting env vars: AIRFLOW_CTX_DAG_OWNER='***' AIRFLOW_CTX_DAG_ID='download_rocket_launches' AIRFLOW_CTX_TASK_ID='download_launches' AIRFLOW_CTX_EXECUTION_DATE='2025-01-15T11:31:23.523480+00:00' AIRFLOW_CTX_TRY_NUMBER='1' AIRFLOW_CTX_DAG_RUN_ID='manual__2025-01-15T11:31:23.523480+00:00'
[2025-01-15T11:31:26.478+0000] {taskinstance.py:731} INFO - ::endgroup::
[2025-01-15T11:31:26.532+0000] {subprocess.py:78} INFO - Tmp dir root location: /tmp
[2025-01-15T11:31:26.534+0000] {subprocess.py:88} INFO - Running command: ['/usr/bin/bash', '-c', 'curl -o /tmp/launches.json -L https://ll.thespacedevs.com/2.0.0/launch/upcoming/']
[2025-01-15T11:31:26.551+0000] {subprocess.py:99} INFO - Output:
[2025-01-15T11:31:26.566+0000] {subprocess.py:106} INFO -   % Total    % Received % Xferd  Average Speed   Time    Time     Time  Current
[2025-01-15T11:31:26.567+0000] {subprocess.py:106} INFO -                                  Dload  Upload   Total   Spent    Left  Speed
[2025-01-15T11:31:28.208+0000] {subprocess.py:106} INFO -   0     0    0     0    0     0      0      0 --:--:-- --:--:-- --:--:--     0  0     0    0     0    0     0      0      0 --:--:--  0:00:01 --:--:--     0  0 24639    0     0    0     0      0      0 --:--:--  0:00:01 --:--:--     0100 24639  100 24639    0     0  14985      0  0:00:01  0:00:01 --:--:-- 14996
[2025-01-15T11:31:28.213+0000] {subprocess.py:110} INFO - Command exited with return code 0
[2025-01-15T11:31:28.271+0000] {taskinstance.py:340} INFO - ::group::Post task execution logs
[2025-01-15T11:31:28.272+0000] {taskinstance.py:352} INFO - Marking task as SUCCESS. dag_id=download_rocket_launches, task_id=download_launches, run_id=manual__2025-01-15T11:31:23.523480+00:00, execution_date=20250115T113123, start_date=20250115T113126, end_date=20250115T113128
[2025-01-15T11:31:28.324+0000] {local_task_job_runner.py:266} INFO - Task exited with return code 0
[2025-01-15T11:31:28.379+0000] {taskinstance.py:3895} INFO - 1 downstream tasks scheduled from follow-on schedule check
[2025-01-15T11:31:28.385+0000] {local_task_job_runner.py:245} INFO - ::endgroup::
