[2025-01-15T10:10:41.282+0000] {local_task_job_runner.py:123} INFO - ::group::Pre task execution logs
[2025-01-15T10:10:41.327+0000] {taskinstance.py:2613} INFO - Dependencies all met for dep_context=non-requeueable deps ti=<TaskInstance: tutorial.templated scheduled__2025-01-14T00:00:00+00:00 [queued]>
[2025-01-15T10:10:41.351+0000] {taskinstance.py:2613} INFO - Dependencies all met for dep_context=requeueable deps ti=<TaskInstance: tutorial.templated scheduled__2025-01-14T00:00:00+00:00 [queued]>
[2025-01-15T10:10:41.352+0000] {taskinstance.py:2866} INFO - Starting attempt 1 of 2
[2025-01-15T10:10:41.384+0000] {taskinstance.py:2889} INFO - Executing <Task(BashOperator): templated> on 2025-01-14 00:00:00+00:00
[2025-01-15T10:10:41.418+0000] {warnings.py:112} WARNING - /home/***/.local/lib/python3.12/site-packages/***/task/task_runner/standard_task_runner.py:70: DeprecationWarning: This process (pid=148) is multi-threaded, use of fork() may lead to deadlocks in the child.
  pid = os.fork()

[2025-01-15T10:10:41.423+0000] {standard_task_runner.py:104} INFO - Running: ['***', 'tasks', 'run', 'tutorial', 'templated', 'scheduled__2025-01-14T00:00:00+00:00', '--job-id', '5', '--raw', '--subdir', '/home/***/.local/lib/python3.12/site-packages/***/example_dags/tutorial.py', '--cfg-path', '/tmp/tmpdlxok47y']
[2025-01-15T10:10:41.425+0000] {standard_task_runner.py:72} INFO - Started process 153 to run task
[2025-01-15T10:10:41.425+0000] {standard_task_runner.py:105} INFO - Job 5: Subtask templated
[2025-01-15T10:10:42.814+0000] {task_command.py:467} INFO - Running <TaskInstance: tutorial.templated scheduled__2025-01-14T00:00:00+00:00 [running]> on host cccb2029747c
[2025-01-15T10:10:43.093+0000] {taskinstance.py:3132} INFO - Exporting env vars: AIRFLOW_CTX_DAG_EMAIL='***@example.com' AIRFLOW_CTX_DAG_OWNER='***' AIRFLOW_CTX_DAG_ID='tutorial' AIRFLOW_CTX_TASK_ID='templated' AIRFLOW_CTX_EXECUTION_DATE='2025-01-14T00:00:00+00:00' AIRFLOW_CTX_TRY_NUMBER='1' AIRFLOW_CTX_DAG_RUN_ID='scheduled__2025-01-14T00:00:00+00:00'
[2025-01-15T10:10:43.096+0000] {logging_mixin.py:190} INFO - Task instance is in running state
[2025-01-15T10:10:43.097+0000] {logging_mixin.py:190} INFO -  Previous state of the Task instance: queued
[2025-01-15T10:10:43.098+0000] {logging_mixin.py:190} INFO - Current task name:templated state:running start_date:2025-01-15 10:10:41.328088+00:00
[2025-01-15T10:10:43.098+0000] {logging_mixin.py:190} INFO - Dag name:tutorial and current dag run status:running
[2025-01-15T10:10:43.099+0000] {taskinstance.py:731} INFO - ::endgroup::
[2025-01-15T10:10:43.100+0000] {subprocess.py:78} INFO - Tmp dir root location: /tmp
[2025-01-15T10:10:43.102+0000] {subprocess.py:88} INFO - Running command: ['/usr/bin/bash', '-c', '\n\n    echo "2025-01-14"\n    echo "2025-01-21"\n\n    echo "2025-01-14"\n    echo "2025-01-21"\n\n    echo "2025-01-14"\n    echo "2025-01-21"\n\n    echo "2025-01-14"\n    echo "2025-01-21"\n\n    echo "2025-01-14"\n    echo "2025-01-21"\n']
[2025-01-15T10:10:43.132+0000] {subprocess.py:99} INFO - Output:
[2025-01-15T10:10:43.134+0000] {subprocess.py:106} INFO - 2025-01-14
[2025-01-15T10:10:43.135+0000] {subprocess.py:106} INFO - 2025-01-21
[2025-01-15T10:10:43.135+0000] {subprocess.py:106} INFO - 2025-01-14
[2025-01-15T10:10:43.135+0000] {subprocess.py:106} INFO - 2025-01-21
[2025-01-15T10:10:43.136+0000] {subprocess.py:106} INFO - 2025-01-14
[2025-01-15T10:10:43.136+0000] {subprocess.py:106} INFO - 2025-01-21
[2025-01-15T10:10:43.137+0000] {subprocess.py:106} INFO - 2025-01-14
[2025-01-15T10:10:43.137+0000] {subprocess.py:106} INFO - 2025-01-21
[2025-01-15T10:10:43.137+0000] {subprocess.py:106} INFO - 2025-01-14
[2025-01-15T10:10:43.137+0000] {subprocess.py:106} INFO - 2025-01-21
[2025-01-15T10:10:43.138+0000] {subprocess.py:110} INFO - Command exited with return code 0
[2025-01-15T10:10:43.190+0000] {taskinstance.py:340} INFO - ::group::Post task execution logs
[2025-01-15T10:10:43.191+0000] {taskinstance.py:352} INFO - Marking task as SUCCESS. dag_id=tutorial, task_id=templated, run_id=scheduled__2025-01-14T00:00:00+00:00, execution_date=20250114T000000, start_date=20250115T101041, end_date=20250115T101043
[2025-01-15T10:10:43.211+0000] {logging_mixin.py:190} INFO - Task instance in success state
[2025-01-15T10:10:43.212+0000] {logging_mixin.py:190} INFO -  Previous state of the Task instance: running
[2025-01-15T10:10:43.212+0000] {logging_mixin.py:190} INFO - Dag name:tutorial queued_at:2025-01-15 10:10:27.243518+00:00
[2025-01-15T10:10:43.213+0000] {logging_mixin.py:190} INFO - Task hostname:cccb2029747c operator:BashOperator
[2025-01-15T10:10:43.257+0000] {local_task_job_runner.py:266} INFO - Task exited with return code 0
[2025-01-15T10:10:43.559+0000] {taskinstance.py:3895} INFO - 0 downstream tasks scheduled from follow-on schedule check
[2025-01-15T10:10:43.573+0000] {local_task_job_runner.py:245} INFO - ::endgroup::
