[2025-01-15T11:14:27.304+0000] {processor.py:186} INFO - Started process (PID=73) to work on /opt/airflow/dags/locketlunch.py
[2025-01-15T11:14:27.311+0000] {processor.py:914} INFO - Processing file /opt/airflow/dags/locketlunch.py for tasks to queue
[2025-01-15T11:14:27.327+0000] {logging_mixin.py:190} INFO - [2025-01-15T11:14:27.326+0000] {dagbag.py:588} INFO - Filling up the DagBag from /opt/airflow/dags/locketlunch.py
[2025-01-15T11:14:27.445+0000] {processor.py:925} INFO - DAG(s) 'download_rocket_launches' retrieved from /opt/airflow/dags/locketlunch.py
[2025-01-15T11:14:28.123+0000] {logging_mixin.py:190} INFO - [2025-01-15T11:14:28.121+0000] {override.py:1911} INFO - Created Permission View: can edit on DAG:download_rocket_launches
[2025-01-15T11:14:28.153+0000] {logging_mixin.py:190} INFO - [2025-01-15T11:14:28.152+0000] {override.py:1911} INFO - Created Permission View: can read on DAG:download_rocket_launches
[2025-01-15T11:14:28.177+0000] {logging_mixin.py:190} INFO - [2025-01-15T11:14:28.176+0000] {override.py:1911} INFO - Created Permission View: can delete on DAG:download_rocket_launches
[2025-01-15T11:14:28.203+0000] {logging_mixin.py:190} INFO - [2025-01-15T11:14:28.203+0000] {override.py:1911} INFO - Created Permission View: menu access on DAG Run:download_rocket_launches
[2025-01-15T11:14:28.227+0000] {logging_mixin.py:190} INFO - [2025-01-15T11:14:28.227+0000] {override.py:1911} INFO - Created Permission View: can read on DAG Run:download_rocket_launches
[2025-01-15T11:14:28.257+0000] {logging_mixin.py:190} INFO - [2025-01-15T11:14:28.256+0000] {override.py:1911} INFO - Created Permission View: can create on DAG Run:download_rocket_launches
[2025-01-15T11:14:28.287+0000] {logging_mixin.py:190} INFO - [2025-01-15T11:14:28.286+0000] {override.py:1911} INFO - Created Permission View: can delete on DAG Run:download_rocket_launches
[2025-01-15T11:14:28.289+0000] {logging_mixin.py:190} INFO - [2025-01-15T11:14:28.288+0000] {dag.py:3239} INFO - Sync 1 DAGs
[2025-01-15T11:14:28.335+0000] {logging_mixin.py:190} INFO - [2025-01-15T11:14:28.334+0000] {dag.py:3262} INFO - Creating ORM DAG for download_rocket_launches
[2025-01-15T11:14:28.338+0000] {logging_mixin.py:190} INFO - [2025-01-15T11:14:28.337+0000] {dag.py:4180} INFO - Setting next_dagrun for download_rocket_launches to None, run_after=None
[2025-01-15T11:14:28.380+0000] {processor.py:208} INFO - Processing /opt/airflow/dags/locketlunch.py took 1.117 seconds
[2025-01-15T11:14:58.785+0000] {processor.py:186} INFO - Started process (PID=80) to work on /opt/airflow/dags/locketlunch.py
[2025-01-15T11:14:58.787+0000] {processor.py:914} INFO - Processing file /opt/airflow/dags/locketlunch.py for tasks to queue
[2025-01-15T11:14:58.793+0000] {logging_mixin.py:190} INFO - [2025-01-15T11:14:58.792+0000] {dagbag.py:588} INFO - Filling up the DagBag from /opt/airflow/dags/locketlunch.py
[2025-01-15T11:14:58.825+0000] {processor.py:925} INFO - DAG(s) 'download_rocket_launches' retrieved from /opt/airflow/dags/locketlunch.py
[2025-01-15T11:14:58.875+0000] {logging_mixin.py:190} INFO - [2025-01-15T11:14:58.875+0000] {dag.py:3239} INFO - Sync 1 DAGs
[2025-01-15T11:14:58.903+0000] {logging_mixin.py:190} INFO - [2025-01-15T11:14:58.903+0000] {dag.py:4180} INFO - Setting next_dagrun for download_rocket_launches to None, run_after=None
[2025-01-15T11:14:58.939+0000] {processor.py:208} INFO - Processing /opt/airflow/dags/locketlunch.py took 0.168 seconds
[2025-01-15T11:15:29.227+0000] {processor.py:186} INFO - Started process (PID=87) to work on /opt/airflow/dags/locketlunch.py
[2025-01-15T11:15:29.241+0000] {processor.py:914} INFO - Processing file /opt/airflow/dags/locketlunch.py for tasks to queue
[2025-01-15T11:15:29.250+0000] {logging_mixin.py:190} INFO - [2025-01-15T11:15:29.249+0000] {dagbag.py:588} INFO - Filling up the DagBag from /opt/airflow/dags/locketlunch.py
[2025-01-15T11:15:29.283+0000] {processor.py:925} INFO - DAG(s) 'download_rocket_launches' retrieved from /opt/airflow/dags/locketlunch.py
[2025-01-15T11:15:29.346+0000] {logging_mixin.py:190} INFO - [2025-01-15T11:15:29.346+0000] {dag.py:3239} INFO - Sync 1 DAGs
[2025-01-15T11:15:29.384+0000] {logging_mixin.py:190} INFO - [2025-01-15T11:15:29.383+0000] {dag.py:4180} INFO - Setting next_dagrun for download_rocket_launches to None, run_after=None
[2025-01-15T11:15:29.454+0000] {processor.py:208} INFO - Processing /opt/airflow/dags/locketlunch.py took 0.242 seconds
[2025-01-15T11:15:59.706+0000] {processor.py:186} INFO - Started process (PID=94) to work on /opt/airflow/dags/locketlunch.py
[2025-01-15T11:15:59.722+0000] {processor.py:914} INFO - Processing file /opt/airflow/dags/locketlunch.py for tasks to queue
[2025-01-15T11:15:59.727+0000] {logging_mixin.py:190} INFO - [2025-01-15T11:15:59.727+0000] {dagbag.py:588} INFO - Filling up the DagBag from /opt/airflow/dags/locketlunch.py
[2025-01-15T11:15:59.759+0000] {processor.py:925} INFO - DAG(s) 'download_rocket_launches' retrieved from /opt/airflow/dags/locketlunch.py
[2025-01-15T11:15:59.807+0000] {logging_mixin.py:190} INFO - [2025-01-15T11:15:59.807+0000] {dag.py:3239} INFO - Sync 1 DAGs
[2025-01-15T11:15:59.835+0000] {logging_mixin.py:190} INFO - [2025-01-15T11:15:59.834+0000] {dag.py:4180} INFO - Setting next_dagrun for download_rocket_launches to None, run_after=None
[2025-01-15T11:15:59.868+0000] {processor.py:208} INFO - Processing /opt/airflow/dags/locketlunch.py took 0.176 seconds
[2025-01-15T11:16:30.225+0000] {processor.py:186} INFO - Started process (PID=101) to work on /opt/airflow/dags/locketlunch.py
[2025-01-15T11:16:30.229+0000] {processor.py:914} INFO - Processing file /opt/airflow/dags/locketlunch.py for tasks to queue
[2025-01-15T11:16:30.233+0000] {logging_mixin.py:190} INFO - [2025-01-15T11:16:30.233+0000] {dagbag.py:588} INFO - Filling up the DagBag from /opt/airflow/dags/locketlunch.py
[2025-01-15T11:16:30.265+0000] {processor.py:925} INFO - DAG(s) 'download_rocket_launches' retrieved from /opt/airflow/dags/locketlunch.py
[2025-01-15T11:16:30.321+0000] {logging_mixin.py:190} INFO - [2025-01-15T11:16:30.320+0000] {dag.py:3239} INFO - Sync 1 DAGs
[2025-01-15T11:16:30.349+0000] {logging_mixin.py:190} INFO - [2025-01-15T11:16:30.349+0000] {dag.py:4180} INFO - Setting next_dagrun for download_rocket_launches to None, run_after=None
[2025-01-15T11:16:30.386+0000] {processor.py:208} INFO - Processing /opt/airflow/dags/locketlunch.py took 0.175 seconds
[2025-01-15T11:17:00.639+0000] {processor.py:186} INFO - Started process (PID=108) to work on /opt/airflow/dags/locketlunch.py
[2025-01-15T11:17:00.643+0000] {processor.py:914} INFO - Processing file /opt/airflow/dags/locketlunch.py for tasks to queue
[2025-01-15T11:17:00.650+0000] {logging_mixin.py:190} INFO - [2025-01-15T11:17:00.649+0000] {dagbag.py:588} INFO - Filling up the DagBag from /opt/airflow/dags/locketlunch.py
[2025-01-15T11:17:00.690+0000] {processor.py:925} INFO - DAG(s) 'download_rocket_launches' retrieved from /opt/airflow/dags/locketlunch.py
[2025-01-15T11:17:00.735+0000] {logging_mixin.py:190} INFO - [2025-01-15T11:17:00.735+0000] {dag.py:3239} INFO - Sync 1 DAGs
[2025-01-15T11:17:00.758+0000] {logging_mixin.py:190} INFO - [2025-01-15T11:17:00.758+0000] {dag.py:4180} INFO - Setting next_dagrun for download_rocket_launches to None, run_after=None
[2025-01-15T11:17:00.784+0000] {processor.py:208} INFO - Processing /opt/airflow/dags/locketlunch.py took 0.160 seconds
[2025-01-15T11:17:31.094+0000] {processor.py:186} INFO - Started process (PID=115) to work on /opt/airflow/dags/locketlunch.py
[2025-01-15T11:17:31.096+0000] {processor.py:914} INFO - Processing file /opt/airflow/dags/locketlunch.py for tasks to queue
[2025-01-15T11:17:31.102+0000] {logging_mixin.py:190} INFO - [2025-01-15T11:17:31.101+0000] {dagbag.py:588} INFO - Filling up the DagBag from /opt/airflow/dags/locketlunch.py
[2025-01-15T11:17:31.128+0000] {processor.py:925} INFO - DAG(s) 'download_rocket_launches' retrieved from /opt/airflow/dags/locketlunch.py
[2025-01-15T11:17:31.186+0000] {logging_mixin.py:190} INFO - [2025-01-15T11:17:31.186+0000] {dag.py:3239} INFO - Sync 1 DAGs
[2025-01-15T11:17:31.214+0000] {logging_mixin.py:190} INFO - [2025-01-15T11:17:31.213+0000] {dag.py:4180} INFO - Setting next_dagrun for download_rocket_launches to None, run_after=None
[2025-01-15T11:17:31.273+0000] {processor.py:208} INFO - Processing /opt/airflow/dags/locketlunch.py took 0.192 seconds
[2025-01-15T11:18:01.473+0000] {processor.py:186} INFO - Started process (PID=122) to work on /opt/airflow/dags/locketlunch.py
[2025-01-15T11:18:01.480+0000] {processor.py:914} INFO - Processing file /opt/airflow/dags/locketlunch.py for tasks to queue
[2025-01-15T11:18:01.487+0000] {logging_mixin.py:190} INFO - [2025-01-15T11:18:01.486+0000] {dagbag.py:588} INFO - Filling up the DagBag from /opt/airflow/dags/locketlunch.py
[2025-01-15T11:18:01.516+0000] {processor.py:925} INFO - DAG(s) 'download_rocket_launches' retrieved from /opt/airflow/dags/locketlunch.py
[2025-01-15T11:18:01.567+0000] {logging_mixin.py:190} INFO - [2025-01-15T11:18:01.566+0000] {dag.py:3239} INFO - Sync 1 DAGs
[2025-01-15T11:18:01.604+0000] {logging_mixin.py:190} INFO - [2025-01-15T11:18:01.603+0000] {dag.py:4180} INFO - Setting next_dagrun for download_rocket_launches to None, run_after=None
[2025-01-15T11:18:01.659+0000] {processor.py:208} INFO - Processing /opt/airflow/dags/locketlunch.py took 0.204 seconds
[2025-01-15T11:18:32.013+0000] {processor.py:186} INFO - Started process (PID=129) to work on /opt/airflow/dags/locketlunch.py
[2025-01-15T11:18:32.015+0000] {processor.py:914} INFO - Processing file /opt/airflow/dags/locketlunch.py for tasks to queue
[2025-01-15T11:18:32.025+0000] {logging_mixin.py:190} INFO - [2025-01-15T11:18:32.024+0000] {dagbag.py:588} INFO - Filling up the DagBag from /opt/airflow/dags/locketlunch.py
[2025-01-15T11:18:32.075+0000] {processor.py:925} INFO - DAG(s) 'download_rocket_launches' retrieved from /opt/airflow/dags/locketlunch.py
[2025-01-15T11:18:32.142+0000] {logging_mixin.py:190} INFO - [2025-01-15T11:18:32.141+0000] {dag.py:3239} INFO - Sync 1 DAGs
[2025-01-15T11:18:32.186+0000] {logging_mixin.py:190} INFO - [2025-01-15T11:18:32.184+0000] {dag.py:4180} INFO - Setting next_dagrun for download_rocket_launches to None, run_after=None
[2025-01-15T11:18:32.254+0000] {processor.py:208} INFO - Processing /opt/airflow/dags/locketlunch.py took 0.267 seconds
[2025-01-15T11:19:02.363+0000] {processor.py:186} INFO - Started process (PID=136) to work on /opt/airflow/dags/locketlunch.py
[2025-01-15T11:19:02.380+0000] {processor.py:914} INFO - Processing file /opt/airflow/dags/locketlunch.py for tasks to queue
[2025-01-15T11:19:02.384+0000] {logging_mixin.py:190} INFO - [2025-01-15T11:19:02.383+0000] {dagbag.py:588} INFO - Filling up the DagBag from /opt/airflow/dags/locketlunch.py
[2025-01-15T11:19:02.408+0000] {processor.py:925} INFO - DAG(s) 'download_rocket_launches' retrieved from /opt/airflow/dags/locketlunch.py
[2025-01-15T11:19:02.452+0000] {logging_mixin.py:190} INFO - [2025-01-15T11:19:02.452+0000] {dag.py:3239} INFO - Sync 1 DAGs
[2025-01-15T11:19:02.732+0000] {logging_mixin.py:190} INFO - [2025-01-15T11:19:02.731+0000] {dag.py:4180} INFO - Setting next_dagrun for download_rocket_launches to None, run_after=None
[2025-01-15T11:19:02.765+0000] {processor.py:208} INFO - Processing /opt/airflow/dags/locketlunch.py took 0.430 seconds
[2025-01-15T11:19:32.919+0000] {processor.py:186} INFO - Started process (PID=149) to work on /opt/airflow/dags/locketlunch.py
[2025-01-15T11:19:32.926+0000] {processor.py:914} INFO - Processing file /opt/airflow/dags/locketlunch.py for tasks to queue
[2025-01-15T11:19:32.930+0000] {logging_mixin.py:190} INFO - [2025-01-15T11:19:32.930+0000] {dagbag.py:588} INFO - Filling up the DagBag from /opt/airflow/dags/locketlunch.py
[2025-01-15T11:19:32.952+0000] {processor.py:925} INFO - DAG(s) 'download_rocket_launches' retrieved from /opt/airflow/dags/locketlunch.py
[2025-01-15T11:19:33.286+0000] {logging_mixin.py:190} INFO - [2025-01-15T11:19:33.285+0000] {dag.py:3239} INFO - Sync 1 DAGs
[2025-01-15T11:19:33.310+0000] {logging_mixin.py:190} INFO - [2025-01-15T11:19:33.310+0000] {dag.py:4180} INFO - Setting next_dagrun for download_rocket_launches to None, run_after=None
[2025-01-15T11:19:33.361+0000] {processor.py:208} INFO - Processing /opt/airflow/dags/locketlunch.py took 0.456 seconds
[2025-01-15T11:20:03.488+0000] {processor.py:186} INFO - Started process (PID=156) to work on /opt/airflow/dags/locketlunch.py
[2025-01-15T11:20:03.491+0000] {processor.py:914} INFO - Processing file /opt/airflow/dags/locketlunch.py for tasks to queue
[2025-01-15T11:20:03.496+0000] {logging_mixin.py:190} INFO - [2025-01-15T11:20:03.496+0000] {dagbag.py:588} INFO - Filling up the DagBag from /opt/airflow/dags/locketlunch.py
[2025-01-15T11:20:03.521+0000] {processor.py:925} INFO - DAG(s) 'download_rocket_launches' retrieved from /opt/airflow/dags/locketlunch.py
[2025-01-15T11:20:03.567+0000] {logging_mixin.py:190} INFO - [2025-01-15T11:20:03.566+0000] {dag.py:3239} INFO - Sync 1 DAGs
[2025-01-15T11:20:03.590+0000] {logging_mixin.py:190} INFO - [2025-01-15T11:20:03.590+0000] {dag.py:4180} INFO - Setting next_dagrun for download_rocket_launches to None, run_after=None
[2025-01-15T11:20:03.639+0000] {processor.py:208} INFO - Processing /opt/airflow/dags/locketlunch.py took 0.164 seconds
[2025-01-15T11:20:33.845+0000] {processor.py:186} INFO - Started process (PID=164) to work on /opt/airflow/dags/locketlunch.py
[2025-01-15T11:20:33.846+0000] {processor.py:914} INFO - Processing file /opt/airflow/dags/locketlunch.py for tasks to queue
[2025-01-15T11:20:33.851+0000] {logging_mixin.py:190} INFO - [2025-01-15T11:20:33.850+0000] {dagbag.py:588} INFO - Filling up the DagBag from /opt/airflow/dags/locketlunch.py
[2025-01-15T11:20:33.880+0000] {processor.py:925} INFO - DAG(s) 'download_rocket_launches' retrieved from /opt/airflow/dags/locketlunch.py
[2025-01-15T11:20:33.926+0000] {logging_mixin.py:190} INFO - [2025-01-15T11:20:33.925+0000] {dag.py:3239} INFO - Sync 1 DAGs
[2025-01-15T11:20:33.953+0000] {logging_mixin.py:190} INFO - [2025-01-15T11:20:33.953+0000] {dag.py:4180} INFO - Setting next_dagrun for download_rocket_launches to None, run_after=None
[2025-01-15T11:20:33.995+0000] {processor.py:208} INFO - Processing /opt/airflow/dags/locketlunch.py took 0.162 seconds
[2025-01-15T11:21:04.339+0000] {processor.py:186} INFO - Started process (PID=171) to work on /opt/airflow/dags/locketlunch.py
[2025-01-15T11:21:04.355+0000] {processor.py:914} INFO - Processing file /opt/airflow/dags/locketlunch.py for tasks to queue
[2025-01-15T11:21:04.360+0000] {logging_mixin.py:190} INFO - [2025-01-15T11:21:04.359+0000] {dagbag.py:588} INFO - Filling up the DagBag from /opt/airflow/dags/locketlunch.py
[2025-01-15T11:21:04.392+0000] {processor.py:925} INFO - DAG(s) 'download_rocket_launches' retrieved from /opt/airflow/dags/locketlunch.py
[2025-01-15T11:21:04.462+0000] {logging_mixin.py:190} INFO - [2025-01-15T11:21:04.461+0000] {dag.py:3239} INFO - Sync 1 DAGs
[2025-01-15T11:21:04.492+0000] {logging_mixin.py:190} INFO - [2025-01-15T11:21:04.492+0000] {dag.py:4180} INFO - Setting next_dagrun for download_rocket_launches to None, run_after=None
[2025-01-15T11:21:04.533+0000] {processor.py:208} INFO - Processing /opt/airflow/dags/locketlunch.py took 0.212 seconds
[2025-01-15T11:21:34.687+0000] {processor.py:186} INFO - Started process (PID=178) to work on /opt/airflow/dags/locketlunch.py
[2025-01-15T11:21:34.689+0000] {processor.py:914} INFO - Processing file /opt/airflow/dags/locketlunch.py for tasks to queue
[2025-01-15T11:21:34.692+0000] {logging_mixin.py:190} INFO - [2025-01-15T11:21:34.692+0000] {dagbag.py:588} INFO - Filling up the DagBag from /opt/airflow/dags/locketlunch.py
[2025-01-15T11:21:34.716+0000] {processor.py:925} INFO - DAG(s) 'download_rocket_launches' retrieved from /opt/airflow/dags/locketlunch.py
[2025-01-15T11:21:34.763+0000] {logging_mixin.py:190} INFO - [2025-01-15T11:21:34.762+0000] {dag.py:3239} INFO - Sync 1 DAGs
[2025-01-15T11:21:34.800+0000] {logging_mixin.py:190} INFO - [2025-01-15T11:21:34.799+0000] {dag.py:4180} INFO - Setting next_dagrun for download_rocket_launches to None, run_after=None
[2025-01-15T11:21:35.207+0000] {processor.py:208} INFO - Processing /opt/airflow/dags/locketlunch.py took 0.531 seconds
[2025-01-15T11:22:05.580+0000] {processor.py:186} INFO - Started process (PID=185) to work on /opt/airflow/dags/locketlunch.py
[2025-01-15T11:22:05.584+0000] {processor.py:914} INFO - Processing file /opt/airflow/dags/locketlunch.py for tasks to queue
[2025-01-15T11:22:05.590+0000] {logging_mixin.py:190} INFO - [2025-01-15T11:22:05.589+0000] {dagbag.py:588} INFO - Filling up the DagBag from /opt/airflow/dags/locketlunch.py
[2025-01-15T11:22:05.632+0000] {processor.py:925} INFO - DAG(s) 'download_rocket_launches' retrieved from /opt/airflow/dags/locketlunch.py
[2025-01-15T11:22:05.698+0000] {logging_mixin.py:190} INFO - [2025-01-15T11:22:05.697+0000] {dag.py:3239} INFO - Sync 1 DAGs
[2025-01-15T11:22:06.086+0000] {logging_mixin.py:190} INFO - [2025-01-15T11:22:06.086+0000] {dag.py:4180} INFO - Setting next_dagrun for download_rocket_launches to None, run_after=None
[2025-01-15T11:22:06.129+0000] {processor.py:208} INFO - Processing /opt/airflow/dags/locketlunch.py took 0.566 seconds
[2025-01-15T11:22:36.528+0000] {processor.py:186} INFO - Started process (PID=192) to work on /opt/airflow/dags/locketlunch.py
[2025-01-15T11:22:36.532+0000] {processor.py:914} INFO - Processing file /opt/airflow/dags/locketlunch.py for tasks to queue
[2025-01-15T11:22:36.549+0000] {logging_mixin.py:190} INFO - [2025-01-15T11:22:36.547+0000] {dagbag.py:588} INFO - Filling up the DagBag from /opt/airflow/dags/locketlunch.py
[2025-01-15T11:22:36.592+0000] {processor.py:925} INFO - DAG(s) 'download_rocket_launches' retrieved from /opt/airflow/dags/locketlunch.py
[2025-01-15T11:22:36.693+0000] {logging_mixin.py:190} INFO - [2025-01-15T11:22:36.692+0000] {dag.py:3239} INFO - Sync 1 DAGs
[2025-01-15T11:22:36.736+0000] {logging_mixin.py:190} INFO - [2025-01-15T11:22:36.735+0000] {dag.py:4180} INFO - Setting next_dagrun for download_rocket_launches to None, run_after=None
[2025-01-15T11:22:36.791+0000] {processor.py:208} INFO - Processing /opt/airflow/dags/locketlunch.py took 0.286 seconds
[2025-01-15T11:23:06.836+0000] {processor.py:186} INFO - Started process (PID=199) to work on /opt/airflow/dags/locketlunch.py
[2025-01-15T11:23:06.840+0000] {processor.py:914} INFO - Processing file /opt/airflow/dags/locketlunch.py for tasks to queue
[2025-01-15T11:23:06.846+0000] {logging_mixin.py:190} INFO - [2025-01-15T11:23:06.844+0000] {dagbag.py:588} INFO - Filling up the DagBag from /opt/airflow/dags/locketlunch.py
[2025-01-15T11:23:06.875+0000] {processor.py:925} INFO - DAG(s) 'download_rocket_launches' retrieved from /opt/airflow/dags/locketlunch.py
[2025-01-15T11:23:06.939+0000] {logging_mixin.py:190} INFO - [2025-01-15T11:23:06.939+0000] {dag.py:3239} INFO - Sync 1 DAGs
[2025-01-15T11:23:06.973+0000] {logging_mixin.py:190} INFO - [2025-01-15T11:23:06.972+0000] {dag.py:4180} INFO - Setting next_dagrun for download_rocket_launches to None, run_after=None
[2025-01-15T11:23:07.013+0000] {processor.py:208} INFO - Processing /opt/airflow/dags/locketlunch.py took 0.189 seconds
[2025-01-15T11:23:37.218+0000] {processor.py:186} INFO - Started process (PID=206) to work on /opt/airflow/dags/locketlunch.py
[2025-01-15T11:23:37.221+0000] {processor.py:914} INFO - Processing file /opt/airflow/dags/locketlunch.py for tasks to queue
[2025-01-15T11:23:37.226+0000] {logging_mixin.py:190} INFO - [2025-01-15T11:23:37.225+0000] {dagbag.py:588} INFO - Filling up the DagBag from /opt/airflow/dags/locketlunch.py
[2025-01-15T11:23:37.257+0000] {processor.py:925} INFO - DAG(s) 'download_rocket_launches' retrieved from /opt/airflow/dags/locketlunch.py
[2025-01-15T11:23:37.318+0000] {logging_mixin.py:190} INFO - [2025-01-15T11:23:37.317+0000] {dag.py:3239} INFO - Sync 1 DAGs
[2025-01-15T11:23:37.340+0000] {logging_mixin.py:190} INFO - [2025-01-15T11:23:37.339+0000] {dag.py:4180} INFO - Setting next_dagrun for download_rocket_launches to None, run_after=None
[2025-01-15T11:23:37.374+0000] {processor.py:208} INFO - Processing /opt/airflow/dags/locketlunch.py took 0.170 seconds
[2025-01-15T11:24:07.764+0000] {processor.py:186} INFO - Started process (PID=213) to work on /opt/airflow/dags/locketlunch.py
[2025-01-15T11:24:07.780+0000] {processor.py:914} INFO - Processing file /opt/airflow/dags/locketlunch.py for tasks to queue
[2025-01-15T11:24:07.787+0000] {logging_mixin.py:190} INFO - [2025-01-15T11:24:07.786+0000] {dagbag.py:588} INFO - Filling up the DagBag from /opt/airflow/dags/locketlunch.py
[2025-01-15T11:24:07.818+0000] {processor.py:925} INFO - DAG(s) 'download_rocket_launches' retrieved from /opt/airflow/dags/locketlunch.py
[2025-01-15T11:24:07.877+0000] {logging_mixin.py:190} INFO - [2025-01-15T11:24:07.877+0000] {dag.py:3239} INFO - Sync 1 DAGs
[2025-01-15T11:24:07.912+0000] {logging_mixin.py:190} INFO - [2025-01-15T11:24:07.911+0000] {dag.py:4180} INFO - Setting next_dagrun for download_rocket_launches to None, run_after=None
[2025-01-15T11:24:07.958+0000] {processor.py:208} INFO - Processing /opt/airflow/dags/locketlunch.py took 0.206 seconds
[2025-01-15T11:24:38.154+0000] {processor.py:186} INFO - Started process (PID=220) to work on /opt/airflow/dags/locketlunch.py
[2025-01-15T11:24:38.155+0000] {processor.py:914} INFO - Processing file /opt/airflow/dags/locketlunch.py for tasks to queue
[2025-01-15T11:24:38.160+0000] {logging_mixin.py:190} INFO - [2025-01-15T11:24:38.159+0000] {dagbag.py:588} INFO - Filling up the DagBag from /opt/airflow/dags/locketlunch.py
[2025-01-15T11:24:38.206+0000] {processor.py:925} INFO - DAG(s) 'download_rocket_launches' retrieved from /opt/airflow/dags/locketlunch.py
[2025-01-15T11:24:38.349+0000] {logging_mixin.py:190} INFO - [2025-01-15T11:24:38.349+0000] {dag.py:3239} INFO - Sync 1 DAGs
[2025-01-15T11:24:38.716+0000] {logging_mixin.py:190} INFO - [2025-01-15T11:24:38.715+0000] {dag.py:4180} INFO - Setting next_dagrun for download_rocket_launches to None, run_after=None
[2025-01-15T11:24:38.773+0000] {processor.py:208} INFO - Processing /opt/airflow/dags/locketlunch.py took 0.634 seconds
[2025-01-15T11:25:09.147+0000] {processor.py:186} INFO - Started process (PID=227) to work on /opt/airflow/dags/locketlunch.py
[2025-01-15T11:25:09.152+0000] {processor.py:914} INFO - Processing file /opt/airflow/dags/locketlunch.py for tasks to queue
[2025-01-15T11:25:09.158+0000] {logging_mixin.py:190} INFO - [2025-01-15T11:25:09.158+0000] {dagbag.py:588} INFO - Filling up the DagBag from /opt/airflow/dags/locketlunch.py
[2025-01-15T11:25:09.199+0000] {processor.py:925} INFO - DAG(s) 'download_rocket_launches' retrieved from /opt/airflow/dags/locketlunch.py
[2025-01-15T11:25:09.665+0000] {logging_mixin.py:190} INFO - [2025-01-15T11:25:09.665+0000] {dag.py:3239} INFO - Sync 1 DAGs
[2025-01-15T11:25:09.689+0000] {logging_mixin.py:190} INFO - [2025-01-15T11:25:09.688+0000] {dag.py:4180} INFO - Setting next_dagrun for download_rocket_launches to None, run_after=None
[2025-01-15T11:25:09.722+0000] {processor.py:208} INFO - Processing /opt/airflow/dags/locketlunch.py took 0.594 seconds
[2025-01-15T11:25:40.060+0000] {processor.py:186} INFO - Started process (PID=234) to work on /opt/airflow/dags/locketlunch.py
[2025-01-15T11:25:40.063+0000] {processor.py:914} INFO - Processing file /opt/airflow/dags/locketlunch.py for tasks to queue
[2025-01-15T11:25:40.068+0000] {logging_mixin.py:190} INFO - [2025-01-15T11:25:40.067+0000] {dagbag.py:588} INFO - Filling up the DagBag from /opt/airflow/dags/locketlunch.py
[2025-01-15T11:25:40.097+0000] {processor.py:925} INFO - DAG(s) 'download_rocket_launches' retrieved from /opt/airflow/dags/locketlunch.py
[2025-01-15T11:25:40.145+0000] {logging_mixin.py:190} INFO - [2025-01-15T11:25:40.144+0000] {dag.py:3239} INFO - Sync 1 DAGs
[2025-01-15T11:25:40.170+0000] {logging_mixin.py:190} INFO - [2025-01-15T11:25:40.170+0000] {dag.py:4180} INFO - Setting next_dagrun for download_rocket_launches to None, run_after=None
[2025-01-15T11:25:40.202+0000] {processor.py:208} INFO - Processing /opt/airflow/dags/locketlunch.py took 0.158 seconds
[2025-01-15T11:26:10.403+0000] {processor.py:186} INFO - Started process (PID=241) to work on /opt/airflow/dags/locketlunch.py
[2025-01-15T11:26:10.407+0000] {processor.py:914} INFO - Processing file /opt/airflow/dags/locketlunch.py for tasks to queue
[2025-01-15T11:26:10.412+0000] {logging_mixin.py:190} INFO - [2025-01-15T11:26:10.411+0000] {dagbag.py:588} INFO - Filling up the DagBag from /opt/airflow/dags/locketlunch.py
[2025-01-15T11:26:10.447+0000] {processor.py:925} INFO - DAG(s) 'download_rocket_launches' retrieved from /opt/airflow/dags/locketlunch.py
[2025-01-15T11:26:10.526+0000] {logging_mixin.py:190} INFO - [2025-01-15T11:26:10.525+0000] {dag.py:3239} INFO - Sync 1 DAGs
[2025-01-15T11:26:10.573+0000] {logging_mixin.py:190} INFO - [2025-01-15T11:26:10.573+0000] {dag.py:4180} INFO - Setting next_dagrun for download_rocket_launches to None, run_after=None
[2025-01-15T11:26:10.632+0000] {processor.py:208} INFO - Processing /opt/airflow/dags/locketlunch.py took 0.241 seconds
[2025-01-15T11:26:40.902+0000] {processor.py:186} INFO - Started process (PID=249) to work on /opt/airflow/dags/locketlunch.py
[2025-01-15T11:26:40.905+0000] {processor.py:914} INFO - Processing file /opt/airflow/dags/locketlunch.py for tasks to queue
[2025-01-15T11:26:40.910+0000] {logging_mixin.py:190} INFO - [2025-01-15T11:26:40.909+0000] {dagbag.py:588} INFO - Filling up the DagBag from /opt/airflow/dags/locketlunch.py
[2025-01-15T11:26:40.949+0000] {processor.py:925} INFO - DAG(s) 'download_rocket_launches' retrieved from /opt/airflow/dags/locketlunch.py
[2025-01-15T11:26:41.003+0000] {logging_mixin.py:190} INFO - [2025-01-15T11:26:41.002+0000] {dag.py:3239} INFO - Sync 1 DAGs
[2025-01-15T11:26:41.040+0000] {logging_mixin.py:190} INFO - [2025-01-15T11:26:41.040+0000] {dag.py:4180} INFO - Setting next_dagrun for download_rocket_launches to None, run_after=None
[2025-01-15T11:26:41.116+0000] {processor.py:208} INFO - Processing /opt/airflow/dags/locketlunch.py took 0.228 seconds
[2025-01-15T11:27:11.376+0000] {processor.py:186} INFO - Started process (PID=256) to work on /opt/airflow/dags/locketlunch.py
[2025-01-15T11:27:11.392+0000] {processor.py:914} INFO - Processing file /opt/airflow/dags/locketlunch.py for tasks to queue
[2025-01-15T11:27:11.397+0000] {logging_mixin.py:190} INFO - [2025-01-15T11:27:11.397+0000] {dagbag.py:588} INFO - Filling up the DagBag from /opt/airflow/dags/locketlunch.py
[2025-01-15T11:27:11.419+0000] {processor.py:925} INFO - DAG(s) 'download_rocket_launches' retrieved from /opt/airflow/dags/locketlunch.py
[2025-01-15T11:27:11.482+0000] {logging_mixin.py:190} INFO - [2025-01-15T11:27:11.481+0000] {dag.py:3239} INFO - Sync 1 DAGs
[2025-01-15T11:27:11.851+0000] {logging_mixin.py:190} INFO - [2025-01-15T11:27:11.850+0000] {dag.py:4180} INFO - Setting next_dagrun for download_rocket_launches to None, run_after=None
[2025-01-15T11:27:11.907+0000] {processor.py:208} INFO - Processing /opt/airflow/dags/locketlunch.py took 0.544 seconds
[2025-01-15T11:27:42.301+0000] {processor.py:186} INFO - Started process (PID=263) to work on /opt/airflow/dags/locketlunch.py
[2025-01-15T11:27:42.316+0000] {processor.py:914} INFO - Processing file /opt/airflow/dags/locketlunch.py for tasks to queue
[2025-01-15T11:27:42.320+0000] {logging_mixin.py:190} INFO - [2025-01-15T11:27:42.319+0000] {dagbag.py:588} INFO - Filling up the DagBag from /opt/airflow/dags/locketlunch.py
[2025-01-15T11:27:42.344+0000] {processor.py:925} INFO - DAG(s) 'download_rocket_launches' retrieved from /opt/airflow/dags/locketlunch.py
[2025-01-15T11:27:42.390+0000] {logging_mixin.py:190} INFO - [2025-01-15T11:27:42.390+0000] {dag.py:3239} INFO - Sync 1 DAGs
[2025-01-15T11:27:42.664+0000] {logging_mixin.py:190} INFO - [2025-01-15T11:27:42.663+0000] {dag.py:4180} INFO - Setting next_dagrun for download_rocket_launches to None, run_after=None
[2025-01-15T11:27:42.710+0000] {processor.py:208} INFO - Processing /opt/airflow/dags/locketlunch.py took 0.420 seconds
[2025-01-15T11:28:12.780+0000] {processor.py:186} INFO - Started process (PID=270) to work on /opt/airflow/dags/locketlunch.py
[2025-01-15T11:28:12.796+0000] {processor.py:914} INFO - Processing file /opt/airflow/dags/locketlunch.py for tasks to queue
[2025-01-15T11:28:12.801+0000] {logging_mixin.py:190} INFO - [2025-01-15T11:28:12.801+0000] {dagbag.py:588} INFO - Filling up the DagBag from /opt/airflow/dags/locketlunch.py
[2025-01-15T11:28:12.835+0000] {processor.py:925} INFO - DAG(s) 'download_rocket_launches' retrieved from /opt/airflow/dags/locketlunch.py
[2025-01-15T11:28:12.892+0000] {logging_mixin.py:190} INFO - [2025-01-15T11:28:12.892+0000] {dag.py:3239} INFO - Sync 1 DAGs
[2025-01-15T11:28:12.922+0000] {logging_mixin.py:190} INFO - [2025-01-15T11:28:12.921+0000] {dag.py:4180} INFO - Setting next_dagrun for download_rocket_launches to None, run_after=None
[2025-01-15T11:28:12.969+0000] {processor.py:208} INFO - Processing /opt/airflow/dags/locketlunch.py took 0.204 seconds
[2025-01-15T11:28:43.799+0000] {processor.py:186} INFO - Started process (PID=283) to work on /opt/airflow/dags/locketlunch.py
[2025-01-15T11:28:43.816+0000] {processor.py:914} INFO - Processing file /opt/airflow/dags/locketlunch.py for tasks to queue
[2025-01-15T11:28:43.821+0000] {logging_mixin.py:190} INFO - [2025-01-15T11:28:43.820+0000] {dagbag.py:588} INFO - Filling up the DagBag from /opt/airflow/dags/locketlunch.py
[2025-01-15T11:28:43.846+0000] {processor.py:925} INFO - DAG(s) 'download_rocket_launches' retrieved from /opt/airflow/dags/locketlunch.py
[2025-01-15T11:28:43.901+0000] {logging_mixin.py:190} INFO - [2025-01-15T11:28:43.900+0000] {dag.py:3239} INFO - Sync 1 DAGs
[2025-01-15T11:28:43.935+0000] {logging_mixin.py:190} INFO - [2025-01-15T11:28:43.934+0000] {dag.py:4180} INFO - Setting next_dagrun for download_rocket_launches to None, run_after=None
[2025-01-15T11:28:43.982+0000] {processor.py:208} INFO - Processing /opt/airflow/dags/locketlunch.py took 0.197 seconds
[2025-01-15T11:29:14.043+0000] {processor.py:186} INFO - Started process (PID=290) to work on /opt/airflow/dags/locketlunch.py
[2025-01-15T11:29:14.048+0000] {processor.py:914} INFO - Processing file /opt/airflow/dags/locketlunch.py for tasks to queue
[2025-01-15T11:29:14.055+0000] {logging_mixin.py:190} INFO - [2025-01-15T11:29:14.053+0000] {dagbag.py:588} INFO - Filling up the DagBag from /opt/airflow/dags/locketlunch.py
[2025-01-15T11:29:14.084+0000] {processor.py:925} INFO - DAG(s) 'download_rocket_launches' retrieved from /opt/airflow/dags/locketlunch.py
[2025-01-15T11:29:14.145+0000] {logging_mixin.py:190} INFO - [2025-01-15T11:29:14.145+0000] {dag.py:3239} INFO - Sync 1 DAGs
[2025-01-15T11:29:14.181+0000] {logging_mixin.py:190} INFO - [2025-01-15T11:29:14.181+0000] {dag.py:4180} INFO - Setting next_dagrun for download_rocket_launches to None, run_after=None
[2025-01-15T11:29:14.233+0000] {processor.py:208} INFO - Processing /opt/airflow/dags/locketlunch.py took 0.204 seconds
[2025-01-15T11:29:44.351+0000] {processor.py:186} INFO - Started process (PID=298) to work on /opt/airflow/dags/locketlunch.py
[2025-01-15T11:29:44.366+0000] {processor.py:914} INFO - Processing file /opt/airflow/dags/locketlunch.py for tasks to queue
[2025-01-15T11:29:44.371+0000] {logging_mixin.py:190} INFO - [2025-01-15T11:29:44.370+0000] {dagbag.py:588} INFO - Filling up the DagBag from /opt/airflow/dags/locketlunch.py
[2025-01-15T11:29:44.390+0000] {processor.py:925} INFO - DAG(s) 'download_rocket_launches' retrieved from /opt/airflow/dags/locketlunch.py
[2025-01-15T11:29:44.432+0000] {logging_mixin.py:190} INFO - [2025-01-15T11:29:44.432+0000] {dag.py:3239} INFO - Sync 1 DAGs
[2025-01-15T11:29:44.453+0000] {logging_mixin.py:190} INFO - [2025-01-15T11:29:44.453+0000] {dag.py:4180} INFO - Setting next_dagrun for download_rocket_launches to None, run_after=None
[2025-01-15T11:29:44.737+0000] {processor.py:208} INFO - Processing /opt/airflow/dags/locketlunch.py took 0.395 seconds
[2025-01-15T11:30:15.037+0000] {processor.py:186} INFO - Started process (PID=305) to work on /opt/airflow/dags/locketlunch.py
[2025-01-15T11:30:15.042+0000] {processor.py:914} INFO - Processing file /opt/airflow/dags/locketlunch.py for tasks to queue
[2025-01-15T11:30:15.049+0000] {logging_mixin.py:190} INFO - [2025-01-15T11:30:15.047+0000] {dagbag.py:588} INFO - Filling up the DagBag from /opt/airflow/dags/locketlunch.py
[2025-01-15T11:30:15.081+0000] {processor.py:925} INFO - DAG(s) 'download_rocket_launches' retrieved from /opt/airflow/dags/locketlunch.py
[2025-01-15T11:30:15.128+0000] {logging_mixin.py:190} INFO - [2025-01-15T11:30:15.128+0000] {dag.py:3239} INFO - Sync 1 DAGs
[2025-01-15T11:30:15.459+0000] {logging_mixin.py:190} INFO - [2025-01-15T11:30:15.458+0000] {dag.py:4180} INFO - Setting next_dagrun for download_rocket_launches to None, run_after=None
[2025-01-15T11:30:15.525+0000] {processor.py:208} INFO - Processing /opt/airflow/dags/locketlunch.py took 0.508 seconds
[2025-01-15T11:30:45.995+0000] {processor.py:186} INFO - Started process (PID=313) to work on /opt/airflow/dags/locketlunch.py
[2025-01-15T11:30:46.014+0000] {processor.py:914} INFO - Processing file /opt/airflow/dags/locketlunch.py for tasks to queue
[2025-01-15T11:30:46.026+0000] {logging_mixin.py:190} INFO - [2025-01-15T11:30:46.024+0000] {dagbag.py:588} INFO - Filling up the DagBag from /opt/airflow/dags/locketlunch.py
[2025-01-15T11:30:46.089+0000] {processor.py:925} INFO - DAG(s) 'download_rocket_launches' retrieved from /opt/airflow/dags/locketlunch.py
[2025-01-15T11:30:46.458+0000] {logging_mixin.py:190} INFO - [2025-01-15T11:30:46.458+0000] {dag.py:3239} INFO - Sync 1 DAGs
[2025-01-15T11:30:46.486+0000] {logging_mixin.py:190} INFO - [2025-01-15T11:30:46.486+0000] {dag.py:4180} INFO - Setting next_dagrun for download_rocket_launches to None, run_after=None
[2025-01-15T11:30:46.550+0000] {processor.py:208} INFO - Processing /opt/airflow/dags/locketlunch.py took 0.586 seconds
[2025-01-15T11:31:16.991+0000] {processor.py:186} INFO - Started process (PID=320) to work on /opt/airflow/dags/locketlunch.py
[2025-01-15T11:31:16.994+0000] {processor.py:914} INFO - Processing file /opt/airflow/dags/locketlunch.py for tasks to queue
[2025-01-15T11:31:17.007+0000] {logging_mixin.py:190} INFO - [2025-01-15T11:31:17.005+0000] {dagbag.py:588} INFO - Filling up the DagBag from /opt/airflow/dags/locketlunch.py
[2025-01-15T11:31:17.044+0000] {processor.py:925} INFO - DAG(s) 'download_rocket_launches' retrieved from /opt/airflow/dags/locketlunch.py
[2025-01-15T11:31:17.091+0000] {logging_mixin.py:190} INFO - [2025-01-15T11:31:17.090+0000] {dag.py:3239} INFO - Sync 1 DAGs
[2025-01-15T11:31:17.119+0000] {logging_mixin.py:190} INFO - [2025-01-15T11:31:17.118+0000] {dag.py:4180} INFO - Setting next_dagrun for download_rocket_launches to None, run_after=None
[2025-01-15T11:31:17.175+0000] {processor.py:208} INFO - Processing /opt/airflow/dags/locketlunch.py took 0.214 seconds
[2025-01-15T11:31:47.380+0000] {processor.py:186} INFO - Started process (PID=327) to work on /opt/airflow/dags/locketlunch.py
[2025-01-15T11:31:47.383+0000] {processor.py:914} INFO - Processing file /opt/airflow/dags/locketlunch.py for tasks to queue
[2025-01-15T11:31:47.388+0000] {logging_mixin.py:190} INFO - [2025-01-15T11:31:47.388+0000] {dagbag.py:588} INFO - Filling up the DagBag from /opt/airflow/dags/locketlunch.py
[2025-01-15T11:31:47.418+0000] {processor.py:925} INFO - DAG(s) 'download_rocket_launches' retrieved from /opt/airflow/dags/locketlunch.py
[2025-01-15T11:31:47.488+0000] {logging_mixin.py:190} INFO - [2025-01-15T11:31:47.487+0000] {dag.py:3239} INFO - Sync 1 DAGs
[2025-01-15T11:31:47.516+0000] {logging_mixin.py:190} INFO - [2025-01-15T11:31:47.515+0000] {dag.py:4180} INFO - Setting next_dagrun for download_rocket_launches to None, run_after=None
[2025-01-15T11:31:47.561+0000] {processor.py:208} INFO - Processing /opt/airflow/dags/locketlunch.py took 0.195 seconds
[2025-01-15T11:32:17.953+0000] {processor.py:186} INFO - Started process (PID=334) to work on /opt/airflow/dags/locketlunch.py
[2025-01-15T11:32:17.961+0000] {processor.py:914} INFO - Processing file /opt/airflow/dags/locketlunch.py for tasks to queue
[2025-01-15T11:32:17.966+0000] {logging_mixin.py:190} INFO - [2025-01-15T11:32:17.965+0000] {dagbag.py:588} INFO - Filling up the DagBag from /opt/airflow/dags/locketlunch.py
[2025-01-15T11:32:17.986+0000] {processor.py:925} INFO - DAG(s) 'download_rocket_launches' retrieved from /opt/airflow/dags/locketlunch.py
[2025-01-15T11:32:18.029+0000] {logging_mixin.py:190} INFO - [2025-01-15T11:32:18.028+0000] {dag.py:3239} INFO - Sync 1 DAGs
[2025-01-15T11:32:18.054+0000] {logging_mixin.py:190} INFO - [2025-01-15T11:32:18.053+0000] {dag.py:4180} INFO - Setting next_dagrun for download_rocket_launches to None, run_after=None
[2025-01-15T11:32:18.093+0000] {processor.py:208} INFO - Processing /opt/airflow/dags/locketlunch.py took 0.154 seconds
[2025-01-15T11:32:48.334+0000] {processor.py:186} INFO - Started process (PID=341) to work on /opt/airflow/dags/locketlunch.py
[2025-01-15T11:32:48.336+0000] {processor.py:914} INFO - Processing file /opt/airflow/dags/locketlunch.py for tasks to queue
[2025-01-15T11:32:48.339+0000] {logging_mixin.py:190} INFO - [2025-01-15T11:32:48.339+0000] {dagbag.py:588} INFO - Filling up the DagBag from /opt/airflow/dags/locketlunch.py
[2025-01-15T11:32:48.362+0000] {processor.py:925} INFO - DAG(s) 'download_rocket_launches' retrieved from /opt/airflow/dags/locketlunch.py
[2025-01-15T11:32:48.408+0000] {logging_mixin.py:190} INFO - [2025-01-15T11:32:48.408+0000] {dag.py:3239} INFO - Sync 1 DAGs
[2025-01-15T11:32:48.754+0000] {logging_mixin.py:190} INFO - [2025-01-15T11:32:48.754+0000] {dag.py:4180} INFO - Setting next_dagrun for download_rocket_launches to None, run_after=None
[2025-01-15T11:32:48.799+0000] {processor.py:208} INFO - Processing /opt/airflow/dags/locketlunch.py took 0.476 seconds
[2025-01-15T11:33:19.183+0000] {processor.py:186} INFO - Started process (PID=348) to work on /opt/airflow/dags/locketlunch.py
[2025-01-15T11:33:19.185+0000] {processor.py:914} INFO - Processing file /opt/airflow/dags/locketlunch.py for tasks to queue
[2025-01-15T11:33:19.189+0000] {logging_mixin.py:190} INFO - [2025-01-15T11:33:19.188+0000] {dagbag.py:588} INFO - Filling up the DagBag from /opt/airflow/dags/locketlunch.py
[2025-01-15T11:33:19.213+0000] {processor.py:925} INFO - DAG(s) 'download_rocket_launches' retrieved from /opt/airflow/dags/locketlunch.py
[2025-01-15T11:33:19.530+0000] {logging_mixin.py:190} INFO - [2025-01-15T11:33:19.529+0000] {dag.py:3239} INFO - Sync 1 DAGs
[2025-01-15T11:33:19.558+0000] {logging_mixin.py:190} INFO - [2025-01-15T11:33:19.557+0000] {dag.py:4180} INFO - Setting next_dagrun for download_rocket_launches to None, run_after=None
[2025-01-15T11:33:19.598+0000] {processor.py:208} INFO - Processing /opt/airflow/dags/locketlunch.py took 0.427 seconds
[2025-01-15T11:33:49.939+0000] {processor.py:186} INFO - Started process (PID=355) to work on /opt/airflow/dags/locketlunch.py
[2025-01-15T11:33:49.954+0000] {processor.py:914} INFO - Processing file /opt/airflow/dags/locketlunch.py for tasks to queue
[2025-01-15T11:33:49.957+0000] {logging_mixin.py:190} INFO - [2025-01-15T11:33:49.957+0000] {dagbag.py:588} INFO - Filling up the DagBag from /opt/airflow/dags/locketlunch.py
[2025-01-15T11:33:49.981+0000] {processor.py:925} INFO - DAG(s) 'download_rocket_launches' retrieved from /opt/airflow/dags/locketlunch.py
[2025-01-15T11:33:50.026+0000] {logging_mixin.py:190} INFO - [2025-01-15T11:33:50.025+0000] {dag.py:3239} INFO - Sync 1 DAGs
[2025-01-15T11:33:50.051+0000] {logging_mixin.py:190} INFO - [2025-01-15T11:33:50.050+0000] {dag.py:4180} INFO - Setting next_dagrun for download_rocket_launches to None, run_after=None
[2025-01-15T11:33:50.094+0000] {processor.py:208} INFO - Processing /opt/airflow/dags/locketlunch.py took 0.163 seconds
[2025-01-15T11:34:20.360+0000] {processor.py:186} INFO - Started process (PID=362) to work on /opt/airflow/dags/locketlunch.py
[2025-01-15T11:34:20.361+0000] {processor.py:914} INFO - Processing file /opt/airflow/dags/locketlunch.py for tasks to queue
[2025-01-15T11:34:20.366+0000] {logging_mixin.py:190} INFO - [2025-01-15T11:34:20.365+0000] {dagbag.py:588} INFO - Filling up the DagBag from /opt/airflow/dags/locketlunch.py
[2025-01-15T11:34:20.390+0000] {processor.py:925} INFO - DAG(s) 'download_rocket_launches' retrieved from /opt/airflow/dags/locketlunch.py
[2025-01-15T11:34:20.438+0000] {logging_mixin.py:190} INFO - [2025-01-15T11:34:20.438+0000] {dag.py:3239} INFO - Sync 1 DAGs
[2025-01-15T11:34:20.463+0000] {logging_mixin.py:190} INFO - [2025-01-15T11:34:20.463+0000] {dag.py:4180} INFO - Setting next_dagrun for download_rocket_launches to None, run_after=None
[2025-01-15T11:34:20.500+0000] {processor.py:208} INFO - Processing /opt/airflow/dags/locketlunch.py took 0.153 seconds
[2025-01-15T11:34:50.733+0000] {processor.py:186} INFO - Started process (PID=369) to work on /opt/airflow/dags/locketlunch.py
[2025-01-15T11:34:50.749+0000] {processor.py:914} INFO - Processing file /opt/airflow/dags/locketlunch.py for tasks to queue
[2025-01-15T11:34:50.756+0000] {logging_mixin.py:190} INFO - [2025-01-15T11:34:50.755+0000] {dagbag.py:588} INFO - Filling up the DagBag from /opt/airflow/dags/locketlunch.py
[2025-01-15T11:34:50.782+0000] {processor.py:925} INFO - DAG(s) 'download_rocket_launches' retrieved from /opt/airflow/dags/locketlunch.py
[2025-01-15T11:34:50.842+0000] {logging_mixin.py:190} INFO - [2025-01-15T11:34:50.841+0000] {dag.py:3239} INFO - Sync 1 DAGs
[2025-01-15T11:34:50.872+0000] {logging_mixin.py:190} INFO - [2025-01-15T11:34:50.872+0000] {dag.py:4180} INFO - Setting next_dagrun for download_rocket_launches to None, run_after=None
[2025-01-15T11:34:50.913+0000] {processor.py:208} INFO - Processing /opt/airflow/dags/locketlunch.py took 0.192 seconds
[2025-01-15T11:35:21.202+0000] {processor.py:186} INFO - Started process (PID=376) to work on /opt/airflow/dags/locketlunch.py
[2025-01-15T11:35:21.204+0000] {processor.py:914} INFO - Processing file /opt/airflow/dags/locketlunch.py for tasks to queue
[2025-01-15T11:35:21.209+0000] {logging_mixin.py:190} INFO - [2025-01-15T11:35:21.208+0000] {dagbag.py:588} INFO - Filling up the DagBag from /opt/airflow/dags/locketlunch.py
[2025-01-15T11:35:21.234+0000] {processor.py:925} INFO - DAG(s) 'download_rocket_launches' retrieved from /opt/airflow/dags/locketlunch.py
[2025-01-15T11:35:21.291+0000] {logging_mixin.py:190} INFO - [2025-01-15T11:35:21.290+0000] {dag.py:3239} INFO - Sync 1 DAGs
[2025-01-15T11:35:21.576+0000] {logging_mixin.py:190} INFO - [2025-01-15T11:35:21.575+0000] {dag.py:4180} INFO - Setting next_dagrun for download_rocket_launches to None, run_after=None
[2025-01-15T11:35:21.612+0000] {processor.py:208} INFO - Processing /opt/airflow/dags/locketlunch.py took 0.424 seconds
[2025-01-15T11:35:51.734+0000] {processor.py:186} INFO - Started process (PID=383) to work on /opt/airflow/dags/locketlunch.py
[2025-01-15T11:35:51.750+0000] {processor.py:914} INFO - Processing file /opt/airflow/dags/locketlunch.py for tasks to queue
[2025-01-15T11:35:51.753+0000] {logging_mixin.py:190} INFO - [2025-01-15T11:35:51.753+0000] {dagbag.py:588} INFO - Filling up the DagBag from /opt/airflow/dags/locketlunch.py
[2025-01-15T11:35:51.775+0000] {processor.py:925} INFO - DAG(s) 'download_rocket_launches' retrieved from /opt/airflow/dags/locketlunch.py
[2025-01-15T11:35:52.066+0000] {logging_mixin.py:190} INFO - [2025-01-15T11:35:52.065+0000] {dag.py:3239} INFO - Sync 1 DAGs
[2025-01-15T11:35:52.087+0000] {logging_mixin.py:190} INFO - [2025-01-15T11:35:52.086+0000] {dag.py:4180} INFO - Setting next_dagrun for download_rocket_launches to None, run_after=None
[2025-01-15T11:35:52.134+0000] {processor.py:208} INFO - Processing /opt/airflow/dags/locketlunch.py took 0.413 seconds
[2025-01-15T11:36:22.620+0000] {processor.py:186} INFO - Started process (PID=390) to work on /opt/airflow/dags/locketlunch.py
[2025-01-15T11:36:22.624+0000] {processor.py:914} INFO - Processing file /opt/airflow/dags/locketlunch.py for tasks to queue
[2025-01-15T11:36:22.633+0000] {logging_mixin.py:190} INFO - [2025-01-15T11:36:22.631+0000] {dagbag.py:588} INFO - Filling up the DagBag from /opt/airflow/dags/locketlunch.py
[2025-01-15T11:36:22.695+0000] {processor.py:925} INFO - DAG(s) 'download_rocket_launches' retrieved from /opt/airflow/dags/locketlunch.py
[2025-01-15T11:36:22.778+0000] {logging_mixin.py:190} INFO - [2025-01-15T11:36:22.778+0000] {dag.py:3239} INFO - Sync 1 DAGs
[2025-01-15T11:36:22.813+0000] {logging_mixin.py:190} INFO - [2025-01-15T11:36:22.812+0000] {dag.py:4180} INFO - Setting next_dagrun for download_rocket_launches to None, run_after=None
[2025-01-15T11:36:22.863+0000] {processor.py:208} INFO - Processing /opt/airflow/dags/locketlunch.py took 0.281 seconds
[2025-01-15T11:36:53.095+0000] {processor.py:186} INFO - Started process (PID=397) to work on /opt/airflow/dags/locketlunch.py
[2025-01-15T11:36:53.110+0000] {processor.py:914} INFO - Processing file /opt/airflow/dags/locketlunch.py for tasks to queue
[2025-01-15T11:36:53.119+0000] {logging_mixin.py:190} INFO - [2025-01-15T11:36:53.117+0000] {dagbag.py:588} INFO - Filling up the DagBag from /opt/airflow/dags/locketlunch.py
[2025-01-15T11:36:53.195+0000] {processor.py:925} INFO - DAG(s) 'download_rocket_launches' retrieved from /opt/airflow/dags/locketlunch.py
[2025-01-15T11:36:53.311+0000] {logging_mixin.py:190} INFO - [2025-01-15T11:36:53.310+0000] {dag.py:3239} INFO - Sync 1 DAGs
[2025-01-15T11:36:53.389+0000] {logging_mixin.py:190} INFO - [2025-01-15T11:36:53.388+0000] {dag.py:4180} INFO - Setting next_dagrun for download_rocket_launches to None, run_after=None
[2025-01-15T11:36:53.466+0000] {processor.py:208} INFO - Processing /opt/airflow/dags/locketlunch.py took 0.389 seconds
[2025-01-15T11:37:23.824+0000] {processor.py:186} INFO - Started process (PID=405) to work on /opt/airflow/dags/locketlunch.py
[2025-01-15T11:37:23.826+0000] {processor.py:914} INFO - Processing file /opt/airflow/dags/locketlunch.py for tasks to queue
[2025-01-15T11:37:23.832+0000] {logging_mixin.py:190} INFO - [2025-01-15T11:37:23.831+0000] {dagbag.py:588} INFO - Filling up the DagBag from /opt/airflow/dags/locketlunch.py
[2025-01-15T11:37:23.856+0000] {processor.py:925} INFO - DAG(s) 'download_rocket_launches' retrieved from /opt/airflow/dags/locketlunch.py
[2025-01-15T11:37:23.910+0000] {logging_mixin.py:190} INFO - [2025-01-15T11:37:23.910+0000] {dag.py:3239} INFO - Sync 1 DAGs
[2025-01-15T11:37:23.944+0000] {logging_mixin.py:190} INFO - [2025-01-15T11:37:23.943+0000] {dag.py:4180} INFO - Setting next_dagrun for download_rocket_launches to None, run_after=None
[2025-01-15T11:37:23.976+0000] {processor.py:208} INFO - Processing /opt/airflow/dags/locketlunch.py took 0.167 seconds
[2025-01-15T11:37:54.371+0000] {processor.py:186} INFO - Started process (PID=412) to work on /opt/airflow/dags/locketlunch.py
[2025-01-15T11:37:54.374+0000] {processor.py:914} INFO - Processing file /opt/airflow/dags/locketlunch.py for tasks to queue
[2025-01-15T11:37:54.379+0000] {logging_mixin.py:190} INFO - [2025-01-15T11:37:54.378+0000] {dagbag.py:588} INFO - Filling up the DagBag from /opt/airflow/dags/locketlunch.py
[2025-01-15T11:37:54.424+0000] {processor.py:925} INFO - DAG(s) 'download_rocket_launches' retrieved from /opt/airflow/dags/locketlunch.py
[2025-01-15T11:37:54.541+0000] {logging_mixin.py:190} INFO - [2025-01-15T11:37:54.540+0000] {dag.py:3239} INFO - Sync 1 DAGs
[2025-01-15T11:37:54.572+0000] {logging_mixin.py:190} INFO - [2025-01-15T11:37:54.571+0000] {dag.py:4180} INFO - Setting next_dagrun for download_rocket_launches to None, run_after=None
[2025-01-15T11:37:54.991+0000] {processor.py:208} INFO - Processing /opt/airflow/dags/locketlunch.py took 0.635 seconds
[2025-01-15T11:38:25.495+0000] {processor.py:186} INFO - Started process (PID=420) to work on /opt/airflow/dags/locketlunch.py
[2025-01-15T11:38:25.496+0000] {processor.py:914} INFO - Processing file /opt/airflow/dags/locketlunch.py for tasks to queue
[2025-01-15T11:38:25.503+0000] {logging_mixin.py:190} INFO - [2025-01-15T11:38:25.502+0000] {dagbag.py:588} INFO - Filling up the DagBag from /opt/airflow/dags/locketlunch.py
[2025-01-15T11:38:25.533+0000] {processor.py:925} INFO - DAG(s) 'download_rocket_launches' retrieved from /opt/airflow/dags/locketlunch.py
[2025-01-15T11:38:25.596+0000] {logging_mixin.py:190} INFO - [2025-01-15T11:38:25.596+0000] {dag.py:3239} INFO - Sync 1 DAGs
[2025-01-15T11:38:25.935+0000] {logging_mixin.py:190} INFO - [2025-01-15T11:38:25.934+0000] {dag.py:4180} INFO - Setting next_dagrun for download_rocket_launches to None, run_after=None
[2025-01-15T11:38:25.980+0000] {processor.py:208} INFO - Processing /opt/airflow/dags/locketlunch.py took 0.498 seconds
[2025-01-15T11:38:56.258+0000] {processor.py:186} INFO - Started process (PID=427) to work on /opt/airflow/dags/locketlunch.py
[2025-01-15T11:38:56.274+0000] {processor.py:914} INFO - Processing file /opt/airflow/dags/locketlunch.py for tasks to queue
[2025-01-15T11:38:56.279+0000] {logging_mixin.py:190} INFO - [2025-01-15T11:38:56.279+0000] {dagbag.py:588} INFO - Filling up the DagBag from /opt/airflow/dags/locketlunch.py
[2025-01-15T11:38:56.300+0000] {processor.py:925} INFO - DAG(s) 'download_rocket_launches' retrieved from /opt/airflow/dags/locketlunch.py
[2025-01-15T11:38:56.602+0000] {logging_mixin.py:190} INFO - [2025-01-15T11:38:56.602+0000] {dag.py:3239} INFO - Sync 1 DAGs
[2025-01-15T11:38:56.622+0000] {logging_mixin.py:190} INFO - [2025-01-15T11:38:56.621+0000] {dag.py:4180} INFO - Setting next_dagrun for download_rocket_launches to None, run_after=None
[2025-01-15T11:38:56.674+0000] {processor.py:208} INFO - Processing /opt/airflow/dags/locketlunch.py took 0.439 seconds
[2025-01-15T11:39:26.916+0000] {processor.py:186} INFO - Started process (PID=434) to work on /opt/airflow/dags/locketlunch.py
[2025-01-15T11:39:26.921+0000] {processor.py:914} INFO - Processing file /opt/airflow/dags/locketlunch.py for tasks to queue
[2025-01-15T11:39:26.935+0000] {logging_mixin.py:190} INFO - [2025-01-15T11:39:26.933+0000] {dagbag.py:588} INFO - Filling up the DagBag from /opt/airflow/dags/locketlunch.py
[2025-01-15T11:39:27.003+0000] {processor.py:925} INFO - DAG(s) 'download_rocket_launches' retrieved from /opt/airflow/dags/locketlunch.py
[2025-01-15T11:39:27.091+0000] {logging_mixin.py:190} INFO - [2025-01-15T11:39:27.090+0000] {dag.py:3239} INFO - Sync 1 DAGs
[2025-01-15T11:39:27.137+0000] {logging_mixin.py:190} INFO - [2025-01-15T11:39:27.137+0000] {dag.py:4180} INFO - Setting next_dagrun for download_rocket_launches to None, run_after=None
[2025-01-15T11:39:27.200+0000] {processor.py:208} INFO - Processing /opt/airflow/dags/locketlunch.py took 0.309 seconds
[2025-01-15T11:39:57.601+0000] {processor.py:186} INFO - Started process (PID=441) to work on /opt/airflow/dags/locketlunch.py
[2025-01-15T11:39:57.604+0000] {processor.py:914} INFO - Processing file /opt/airflow/dags/locketlunch.py for tasks to queue
[2025-01-15T11:39:57.608+0000] {logging_mixin.py:190} INFO - [2025-01-15T11:39:57.608+0000] {dagbag.py:588} INFO - Filling up the DagBag from /opt/airflow/dags/locketlunch.py
[2025-01-15T11:39:57.633+0000] {processor.py:925} INFO - DAG(s) 'download_rocket_launches' retrieved from /opt/airflow/dags/locketlunch.py
[2025-01-15T11:39:57.701+0000] {logging_mixin.py:190} INFO - [2025-01-15T11:39:57.701+0000] {dag.py:3239} INFO - Sync 1 DAGs
[2025-01-15T11:39:57.733+0000] {logging_mixin.py:190} INFO - [2025-01-15T11:39:57.733+0000] {dag.py:4180} INFO - Setting next_dagrun for download_rocket_launches to None, run_after=None
[2025-01-15T11:39:57.784+0000] {processor.py:208} INFO - Processing /opt/airflow/dags/locketlunch.py took 0.194 seconds
[2025-01-15T11:40:28.037+0000] {processor.py:186} INFO - Started process (PID=448) to work on /opt/airflow/dags/locketlunch.py
[2025-01-15T11:40:28.038+0000] {processor.py:914} INFO - Processing file /opt/airflow/dags/locketlunch.py for tasks to queue
[2025-01-15T11:40:28.043+0000] {logging_mixin.py:190} INFO - [2025-01-15T11:40:28.043+0000] {dagbag.py:588} INFO - Filling up the DagBag from /opt/airflow/dags/locketlunch.py
[2025-01-15T11:40:28.069+0000] {processor.py:925} INFO - DAG(s) 'download_rocket_launches' retrieved from /opt/airflow/dags/locketlunch.py
[2025-01-15T11:40:28.133+0000] {logging_mixin.py:190} INFO - [2025-01-15T11:40:28.132+0000] {dag.py:3239} INFO - Sync 1 DAGs
[2025-01-15T11:40:28.165+0000] {logging_mixin.py:190} INFO - [2025-01-15T11:40:28.165+0000] {dag.py:4180} INFO - Setting next_dagrun for download_rocket_launches to None, run_after=None
[2025-01-15T11:40:28.203+0000] {processor.py:208} INFO - Processing /opt/airflow/dags/locketlunch.py took 0.180 seconds
[2025-01-15T11:40:58.653+0000] {processor.py:186} INFO - Started process (PID=455) to work on /opt/airflow/dags/locketlunch.py
[2025-01-15T11:40:58.670+0000] {processor.py:914} INFO - Processing file /opt/airflow/dags/locketlunch.py for tasks to queue
[2025-01-15T11:40:58.677+0000] {logging_mixin.py:190} INFO - [2025-01-15T11:40:58.675+0000] {dagbag.py:588} INFO - Filling up the DagBag from /opt/airflow/dags/locketlunch.py
[2025-01-15T11:40:58.714+0000] {processor.py:925} INFO - DAG(s) 'download_rocket_launches' retrieved from /opt/airflow/dags/locketlunch.py
[2025-01-15T11:40:58.785+0000] {logging_mixin.py:190} INFO - [2025-01-15T11:40:58.785+0000] {dag.py:3239} INFO - Sync 1 DAGs
[2025-01-15T11:40:59.161+0000] {logging_mixin.py:190} INFO - [2025-01-15T11:40:59.159+0000] {dag.py:4180} INFO - Setting next_dagrun for download_rocket_launches to None, run_after=None
[2025-01-15T11:40:59.217+0000] {processor.py:208} INFO - Processing /opt/airflow/dags/locketlunch.py took 0.578 seconds
[2025-01-15T11:41:29.759+0000] {processor.py:186} INFO - Started process (PID=463) to work on /opt/airflow/dags/locketlunch.py
[2025-01-15T11:41:29.761+0000] {processor.py:914} INFO - Processing file /opt/airflow/dags/locketlunch.py for tasks to queue
[2025-01-15T11:41:29.765+0000] {logging_mixin.py:190} INFO - [2025-01-15T11:41:29.765+0000] {dagbag.py:588} INFO - Filling up the DagBag from /opt/airflow/dags/locketlunch.py
[2025-01-15T11:41:29.802+0000] {processor.py:925} INFO - DAG(s) 'download_rocket_launches' retrieved from /opt/airflow/dags/locketlunch.py
[2025-01-15T11:41:30.253+0000] {logging_mixin.py:190} INFO - [2025-01-15T11:41:30.252+0000] {dag.py:3239} INFO - Sync 1 DAGs
[2025-01-15T11:41:30.280+0000] {logging_mixin.py:190} INFO - [2025-01-15T11:41:30.280+0000] {dag.py:4180} INFO - Setting next_dagrun for download_rocket_launches to None, run_after=None
[2025-01-15T11:41:30.350+0000] {processor.py:208} INFO - Processing /opt/airflow/dags/locketlunch.py took 0.607 seconds
[2025-01-15T11:42:00.611+0000] {processor.py:186} INFO - Started process (PID=470) to work on /opt/airflow/dags/locketlunch.py
[2025-01-15T11:42:00.628+0000] {processor.py:914} INFO - Processing file /opt/airflow/dags/locketlunch.py for tasks to queue
[2025-01-15T11:42:00.637+0000] {logging_mixin.py:190} INFO - [2025-01-15T11:42:00.634+0000] {dagbag.py:588} INFO - Filling up the DagBag from /opt/airflow/dags/locketlunch.py
[2025-01-15T11:42:00.984+0000] {processor.py:925} INFO - DAG(s) 'download_rocket_launches' retrieved from /opt/airflow/dags/locketlunch.py
[2025-01-15T11:42:01.039+0000] {logging_mixin.py:190} INFO - [2025-01-15T11:42:01.038+0000] {dag.py:3239} INFO - Sync 1 DAGs
[2025-01-15T11:42:01.061+0000] {logging_mixin.py:190} INFO - [2025-01-15T11:42:01.061+0000] {dag.py:4180} INFO - Setting next_dagrun for download_rocket_launches to None, run_after=None
[2025-01-15T11:42:01.090+0000] {processor.py:208} INFO - Processing /opt/airflow/dags/locketlunch.py took 0.497 seconds
[2025-01-15T11:42:31.256+0000] {processor.py:186} INFO - Started process (PID=477) to work on /opt/airflow/dags/locketlunch.py
[2025-01-15T11:42:31.258+0000] {processor.py:914} INFO - Processing file /opt/airflow/dags/locketlunch.py for tasks to queue
[2025-01-15T11:42:31.265+0000] {logging_mixin.py:190} INFO - [2025-01-15T11:42:31.263+0000] {dagbag.py:588} INFO - Filling up the DagBag from /opt/airflow/dags/locketlunch.py
[2025-01-15T11:42:31.292+0000] {processor.py:925} INFO - DAG(s) 'download_rocket_launches' retrieved from /opt/airflow/dags/locketlunch.py
[2025-01-15T11:42:31.359+0000] {logging_mixin.py:190} INFO - [2025-01-15T11:42:31.358+0000] {dag.py:3239} INFO - Sync 1 DAGs
[2025-01-15T11:42:31.421+0000] {logging_mixin.py:190} INFO - [2025-01-15T11:42:31.420+0000] {dag.py:4180} INFO - Setting next_dagrun for download_rocket_launches to None, run_after=None
[2025-01-15T11:42:31.480+0000] {processor.py:208} INFO - Processing /opt/airflow/dags/locketlunch.py took 0.235 seconds
[2025-01-15T11:43:01.791+0000] {processor.py:186} INFO - Started process (PID=484) to work on /opt/airflow/dags/locketlunch.py
[2025-01-15T11:43:01.795+0000] {processor.py:914} INFO - Processing file /opt/airflow/dags/locketlunch.py for tasks to queue
[2025-01-15T11:43:01.801+0000] {logging_mixin.py:190} INFO - [2025-01-15T11:43:01.800+0000] {dagbag.py:588} INFO - Filling up the DagBag from /opt/airflow/dags/locketlunch.py
[2025-01-15T11:43:01.831+0000] {processor.py:925} INFO - DAG(s) 'download_rocket_launches' retrieved from /opt/airflow/dags/locketlunch.py
[2025-01-15T11:43:01.893+0000] {logging_mixin.py:190} INFO - [2025-01-15T11:43:01.892+0000] {dag.py:3239} INFO - Sync 1 DAGs
[2025-01-15T11:43:01.926+0000] {logging_mixin.py:190} INFO - [2025-01-15T11:43:01.925+0000] {dag.py:4180} INFO - Setting next_dagrun for download_rocket_launches to None, run_after=None
[2025-01-15T11:43:01.990+0000] {processor.py:208} INFO - Processing /opt/airflow/dags/locketlunch.py took 0.223 seconds
[2025-01-15T11:43:32.511+0000] {processor.py:186} INFO - Started process (PID=491) to work on /opt/airflow/dags/locketlunch.py
[2025-01-15T11:43:32.516+0000] {processor.py:914} INFO - Processing file /opt/airflow/dags/locketlunch.py for tasks to queue
[2025-01-15T11:43:32.522+0000] {logging_mixin.py:190} INFO - [2025-01-15T11:43:32.521+0000] {dagbag.py:588} INFO - Filling up the DagBag from /opt/airflow/dags/locketlunch.py
[2025-01-15T11:43:32.554+0000] {processor.py:925} INFO - DAG(s) 'download_rocket_launches' retrieved from /opt/airflow/dags/locketlunch.py
[2025-01-15T11:43:32.617+0000] {logging_mixin.py:190} INFO - [2025-01-15T11:43:32.616+0000] {dag.py:3239} INFO - Sync 1 DAGs
[2025-01-15T11:43:32.682+0000] {logging_mixin.py:190} INFO - [2025-01-15T11:43:32.681+0000] {dag.py:4180} INFO - Setting next_dagrun for download_rocket_launches to None, run_after=None
[2025-01-15T11:43:33.159+0000] {processor.py:208} INFO - Processing /opt/airflow/dags/locketlunch.py took 0.669 seconds
[2025-01-15T11:44:03.239+0000] {processor.py:186} INFO - Started process (PID=498) to work on /opt/airflow/dags/locketlunch.py
[2025-01-15T11:44:03.254+0000] {processor.py:914} INFO - Processing file /opt/airflow/dags/locketlunch.py for tasks to queue
[2025-01-15T11:44:03.260+0000] {logging_mixin.py:190} INFO - [2025-01-15T11:44:03.259+0000] {dagbag.py:588} INFO - Filling up the DagBag from /opt/airflow/dags/locketlunch.py
[2025-01-15T11:44:03.291+0000] {processor.py:925} INFO - DAG(s) 'download_rocket_launches' retrieved from /opt/airflow/dags/locketlunch.py
[2025-01-15T11:44:03.348+0000] {logging_mixin.py:190} INFO - [2025-01-15T11:44:03.347+0000] {dag.py:3239} INFO - Sync 1 DAGs
[2025-01-15T11:44:03.702+0000] {logging_mixin.py:190} INFO - [2025-01-15T11:44:03.701+0000] {dag.py:4180} INFO - Setting next_dagrun for download_rocket_launches to None, run_after=None
[2025-01-15T11:44:03.760+0000] {processor.py:208} INFO - Processing /opt/airflow/dags/locketlunch.py took 0.535 seconds
[2025-01-15T11:44:34.304+0000] {processor.py:186} INFO - Started process (PID=505) to work on /opt/airflow/dags/locketlunch.py
[2025-01-15T11:44:34.306+0000] {processor.py:914} INFO - Processing file /opt/airflow/dags/locketlunch.py for tasks to queue
[2025-01-15T11:44:34.310+0000] {logging_mixin.py:190} INFO - [2025-01-15T11:44:34.310+0000] {dagbag.py:588} INFO - Filling up the DagBag from /opt/airflow/dags/locketlunch.py
[2025-01-15T11:44:34.652+0000] {processor.py:925} INFO - DAG(s) 'download_rocket_launches' retrieved from /opt/airflow/dags/locketlunch.py
[2025-01-15T11:44:34.750+0000] {logging_mixin.py:190} INFO - [2025-01-15T11:44:34.749+0000] {dag.py:3239} INFO - Sync 1 DAGs
[2025-01-15T11:44:34.797+0000] {logging_mixin.py:190} INFO - [2025-01-15T11:44:34.796+0000] {dag.py:4180} INFO - Setting next_dagrun for download_rocket_launches to None, run_after=None
[2025-01-15T11:44:34.873+0000] {processor.py:208} INFO - Processing /opt/airflow/dags/locketlunch.py took 0.583 seconds
[2025-01-15T11:45:05.121+0000] {processor.py:186} INFO - Started process (PID=512) to work on /opt/airflow/dags/locketlunch.py
[2025-01-15T11:45:05.124+0000] {processor.py:914} INFO - Processing file /opt/airflow/dags/locketlunch.py for tasks to queue
[2025-01-15T11:45:05.129+0000] {logging_mixin.py:190} INFO - [2025-01-15T11:45:05.129+0000] {dagbag.py:588} INFO - Filling up the DagBag from /opt/airflow/dags/locketlunch.py
[2025-01-15T11:45:05.158+0000] {processor.py:925} INFO - DAG(s) 'download_rocket_launches' retrieved from /opt/airflow/dags/locketlunch.py
[2025-01-15T11:45:05.214+0000] {logging_mixin.py:190} INFO - [2025-01-15T11:45:05.213+0000] {dag.py:3239} INFO - Sync 1 DAGs
[2025-01-15T11:45:05.242+0000] {logging_mixin.py:190} INFO - [2025-01-15T11:45:05.242+0000] {dag.py:4180} INFO - Setting next_dagrun for download_rocket_launches to None, run_after=None
[2025-01-15T11:45:05.279+0000] {processor.py:208} INFO - Processing /opt/airflow/dags/locketlunch.py took 0.173 seconds
[2025-01-15T11:45:35.606+0000] {processor.py:186} INFO - Started process (PID=519) to work on /opt/airflow/dags/locketlunch.py
[2025-01-15T11:45:35.607+0000] {processor.py:914} INFO - Processing file /opt/airflow/dags/locketlunch.py for tasks to queue
[2025-01-15T11:45:35.612+0000] {logging_mixin.py:190} INFO - [2025-01-15T11:45:35.612+0000] {dagbag.py:588} INFO - Filling up the DagBag from /opt/airflow/dags/locketlunch.py
[2025-01-15T11:45:35.641+0000] {processor.py:925} INFO - DAG(s) 'download_rocket_launches' retrieved from /opt/airflow/dags/locketlunch.py
[2025-01-15T11:45:35.716+0000] {logging_mixin.py:190} INFO - [2025-01-15T11:45:35.715+0000] {dag.py:3239} INFO - Sync 1 DAGs
[2025-01-15T11:45:35.760+0000] {logging_mixin.py:190} INFO - [2025-01-15T11:45:35.760+0000] {dag.py:4180} INFO - Setting next_dagrun for download_rocket_launches to None, run_after=None
[2025-01-15T11:45:35.806+0000] {processor.py:208} INFO - Processing /opt/airflow/dags/locketlunch.py took 0.220 seconds
[2025-01-15T11:46:06.278+0000] {processor.py:186} INFO - Started process (PID=526) to work on /opt/airflow/dags/locketlunch.py
[2025-01-15T11:46:06.294+0000] {processor.py:914} INFO - Processing file /opt/airflow/dags/locketlunch.py for tasks to queue
[2025-01-15T11:46:06.299+0000] {logging_mixin.py:190} INFO - [2025-01-15T11:46:06.298+0000] {dagbag.py:588} INFO - Filling up the DagBag from /opt/airflow/dags/locketlunch.py
[2025-01-15T11:46:06.325+0000] {processor.py:925} INFO - DAG(s) 'download_rocket_launches' retrieved from /opt/airflow/dags/locketlunch.py
[2025-01-15T11:46:06.385+0000] {logging_mixin.py:190} INFO - [2025-01-15T11:46:06.385+0000] {dag.py:3239} INFO - Sync 1 DAGs
[2025-01-15T11:46:06.418+0000] {logging_mixin.py:190} INFO - [2025-01-15T11:46:06.417+0000] {dag.py:4180} INFO - Setting next_dagrun for download_rocket_launches to None, run_after=None
[2025-01-15T11:46:06.771+0000] {processor.py:208} INFO - Processing /opt/airflow/dags/locketlunch.py took 0.511 seconds
[2025-01-15T11:46:34.729+0000] {processor.py:186} INFO - Started process (PID=533) to work on /opt/airflow/dags/locketlunch.py
[2025-01-15T11:46:34.731+0000] {processor.py:914} INFO - Processing file /opt/airflow/dags/locketlunch.py for tasks to queue
[2025-01-15T11:46:34.736+0000] {logging_mixin.py:190} INFO - [2025-01-15T11:46:34.735+0000] {dagbag.py:588} INFO - Filling up the DagBag from /opt/airflow/dags/locketlunch.py
[2025-01-15T11:46:34.762+0000] {processor.py:925} INFO - DAG(s) 'download_rocket_launches' retrieved from /opt/airflow/dags/locketlunch.py
[2025-01-15T11:46:35.483+0000] {logging_mixin.py:190} INFO - [2025-01-15T11:46:35.482+0000] {dag.py:3239} INFO - Sync 1 DAGs
[2025-01-15T11:46:35.521+0000] {logging_mixin.py:190} INFO - [2025-01-15T11:46:35.520+0000] {dag.py:4180} INFO - Setting next_dagrun for download_rocket_launches to None, run_after=None
[2025-01-15T11:46:35.576+0000] {processor.py:208} INFO - Processing /opt/airflow/dags/locketlunch.py took 0.859 seconds
[2025-01-15T11:47:05.714+0000] {processor.py:186} INFO - Started process (PID=540) to work on /opt/airflow/dags/locketlunch.py
[2025-01-15T11:47:05.731+0000] {processor.py:914} INFO - Processing file /opt/airflow/dags/locketlunch.py for tasks to queue
[2025-01-15T11:47:05.738+0000] {logging_mixin.py:190} INFO - [2025-01-15T11:47:05.737+0000] {dagbag.py:588} INFO - Filling up the DagBag from /opt/airflow/dags/locketlunch.py
[2025-01-15T11:47:05.768+0000] {processor.py:925} INFO - DAG(s) 'download_rocket_launches' retrieved from /opt/airflow/dags/locketlunch.py
[2025-01-15T11:47:06.091+0000] {logging_mixin.py:190} INFO - [2025-01-15T11:47:06.090+0000] {dag.py:3239} INFO - Sync 1 DAGs
[2025-01-15T11:47:06.111+0000] {logging_mixin.py:190} INFO - [2025-01-15T11:47:06.111+0000] {dag.py:4180} INFO - Setting next_dagrun for download_rocket_launches to None, run_after=None
[2025-01-15T11:47:06.153+0000] {processor.py:208} INFO - Processing /opt/airflow/dags/locketlunch.py took 0.459 seconds
[2025-01-15T11:47:36.497+0000] {processor.py:186} INFO - Started process (PID=547) to work on /opt/airflow/dags/locketlunch.py
[2025-01-15T11:47:36.498+0000] {processor.py:914} INFO - Processing file /opt/airflow/dags/locketlunch.py for tasks to queue
[2025-01-15T11:47:36.501+0000] {logging_mixin.py:190} INFO - [2025-01-15T11:47:36.501+0000] {dagbag.py:588} INFO - Filling up the DagBag from /opt/airflow/dags/locketlunch.py
[2025-01-15T11:47:36.849+0000] {processor.py:925} INFO - DAG(s) 'download_rocket_launches' retrieved from /opt/airflow/dags/locketlunch.py
[2025-01-15T11:47:36.948+0000] {logging_mixin.py:190} INFO - [2025-01-15T11:47:36.948+0000] {dag.py:3239} INFO - Sync 1 DAGs
[2025-01-15T11:47:36.984+0000] {logging_mixin.py:190} INFO - [2025-01-15T11:47:36.984+0000] {dag.py:4180} INFO - Setting next_dagrun for download_rocket_launches to None, run_after=None
[2025-01-15T11:47:37.035+0000] {processor.py:208} INFO - Processing /opt/airflow/dags/locketlunch.py took 0.547 seconds
[2025-01-15T11:48:07.905+0000] {processor.py:186} INFO - Started process (PID=554) to work on /opt/airflow/dags/locketlunch.py
[2025-01-15T11:48:07.923+0000] {processor.py:914} INFO - Processing file /opt/airflow/dags/locketlunch.py for tasks to queue
[2025-01-15T11:48:07.940+0000] {logging_mixin.py:190} INFO - [2025-01-15T11:48:07.939+0000] {dagbag.py:588} INFO - Filling up the DagBag from /opt/airflow/dags/locketlunch.py
[2025-01-15T11:48:07.980+0000] {processor.py:925} INFO - DAG(s) 'download_rocket_launches' retrieved from /opt/airflow/dags/locketlunch.py
[2025-01-15T11:48:08.050+0000] {logging_mixin.py:190} INFO - [2025-01-15T11:48:08.050+0000] {dag.py:3239} INFO - Sync 1 DAGs
[2025-01-15T11:48:08.079+0000] {logging_mixin.py:190} INFO - [2025-01-15T11:48:08.078+0000] {dag.py:4180} INFO - Setting next_dagrun for download_rocket_launches to None, run_after=None
[2025-01-15T11:48:08.116+0000] {processor.py:208} INFO - Processing /opt/airflow/dags/locketlunch.py took 0.240 seconds
