[2025-01-16T03:59:58.192+0000] {processor.py:186} INFO - Started process (PID=73) to work on /opt/airflow/dags/locket-lunch.py
[2025-01-16T03:59:58.194+0000] {processor.py:914} INFO - Processing file /opt/airflow/dags/locket-lunch.py for tasks to queue
[2025-01-16T03:59:58.198+0000] {logging_mixin.py:190} INFO - [2025-01-16T03:59:58.197+0000] {dagbag.py:588} INFO - Filling up the DagBag from /opt/airflow/dags/locket-lunch.py
[2025-01-16T03:59:58.234+0000] {processor.py:925} INFO - DAG(s) 'store_rocket_launches_v2' retrieved from /opt/airflow/dags/locket-lunch.py
[2025-01-16T03:59:58.293+0000] {logging_mixin.py:190} INFO - [2025-01-16T03:59:58.292+0000] {dag.py:3239} INFO - Sync 1 DAGs
[2025-01-16T03:59:58.341+0000] {logging_mixin.py:190} INFO - [2025-01-16T03:59:58.341+0000] {dag.py:4180} INFO - Setting next_dagrun for store_rocket_launches_v2 to None, run_after=None
[2025-01-16T03:59:58.377+0000] {processor.py:208} INFO - Processing /opt/airflow/dags/locket-lunch.py took 0.197 seconds
[2025-01-16T04:00:28.476+0000] {processor.py:186} INFO - Started process (PID=81) to work on /opt/airflow/dags/locket-lunch.py
[2025-01-16T04:00:28.480+0000] {processor.py:914} INFO - Processing file /opt/airflow/dags/locket-lunch.py for tasks to queue
[2025-01-16T04:00:28.484+0000] {logging_mixin.py:190} INFO - [2025-01-16T04:00:28.483+0000] {dagbag.py:588} INFO - Filling up the DagBag from /opt/airflow/dags/locket-lunch.py
[2025-01-16T04:00:28.514+0000] {processor.py:925} INFO - DAG(s) 'store_rocket_launches_v2' retrieved from /opt/airflow/dags/locket-lunch.py
[2025-01-16T04:00:28.571+0000] {logging_mixin.py:190} INFO - [2025-01-16T04:00:28.570+0000] {dag.py:3239} INFO - Sync 1 DAGs
[2025-01-16T04:00:28.598+0000] {logging_mixin.py:190} INFO - [2025-01-16T04:00:28.597+0000] {dag.py:4180} INFO - Setting next_dagrun for store_rocket_launches_v2 to None, run_after=None
[2025-01-16T04:00:28.672+0000] {processor.py:208} INFO - Processing /opt/airflow/dags/locket-lunch.py took 0.210 seconds
[2025-01-16T04:00:58.887+0000] {processor.py:186} INFO - Started process (PID=88) to work on /opt/airflow/dags/locket-lunch.py
[2025-01-16T04:00:58.888+0000] {processor.py:914} INFO - Processing file /opt/airflow/dags/locket-lunch.py for tasks to queue
[2025-01-16T04:00:58.896+0000] {logging_mixin.py:190} INFO - [2025-01-16T04:00:58.896+0000] {dagbag.py:588} INFO - Filling up the DagBag from /opt/airflow/dags/locket-lunch.py
[2025-01-16T04:00:58.967+0000] {processor.py:925} INFO - DAG(s) 'store_rocket_launches_v2' retrieved from /opt/airflow/dags/locket-lunch.py
[2025-01-16T04:00:59.035+0000] {logging_mixin.py:190} INFO - [2025-01-16T04:00:59.034+0000] {dag.py:3239} INFO - Sync 1 DAGs
[2025-01-16T04:00:59.078+0000] {logging_mixin.py:190} INFO - [2025-01-16T04:00:59.078+0000] {dag.py:4180} INFO - Setting next_dagrun for store_rocket_launches_v2 to None, run_after=None
[2025-01-16T04:00:59.137+0000] {processor.py:208} INFO - Processing /opt/airflow/dags/locket-lunch.py took 0.266 seconds
[2025-01-16T04:01:29.187+0000] {processor.py:186} INFO - Started process (PID=95) to work on /opt/airflow/dags/locket-lunch.py
[2025-01-16T04:01:29.190+0000] {processor.py:914} INFO - Processing file /opt/airflow/dags/locket-lunch.py for tasks to queue
[2025-01-16T04:01:29.195+0000] {logging_mixin.py:190} INFO - [2025-01-16T04:01:29.194+0000] {dagbag.py:588} INFO - Filling up the DagBag from /opt/airflow/dags/locket-lunch.py
[2025-01-16T04:01:29.218+0000] {processor.py:925} INFO - DAG(s) 'store_rocket_launches_v2' retrieved from /opt/airflow/dags/locket-lunch.py
[2025-01-16T04:01:29.269+0000] {logging_mixin.py:190} INFO - [2025-01-16T04:01:29.268+0000] {dag.py:3239} INFO - Sync 1 DAGs
[2025-01-16T04:01:29.293+0000] {logging_mixin.py:190} INFO - [2025-01-16T04:01:29.293+0000] {dag.py:4180} INFO - Setting next_dagrun for store_rocket_launches_v2 to None, run_after=None
[2025-01-16T04:01:29.340+0000] {processor.py:208} INFO - Processing /opt/airflow/dags/locket-lunch.py took 0.170 seconds
[2025-01-16T04:01:59.560+0000] {processor.py:186} INFO - Started process (PID=102) to work on /opt/airflow/dags/locket-lunch.py
[2025-01-16T04:01:59.575+0000] {processor.py:914} INFO - Processing file /opt/airflow/dags/locket-lunch.py for tasks to queue
[2025-01-16T04:01:59.580+0000] {logging_mixin.py:190} INFO - [2025-01-16T04:01:59.578+0000] {dagbag.py:588} INFO - Filling up the DagBag from /opt/airflow/dags/locket-lunch.py
[2025-01-16T04:01:59.600+0000] {processor.py:925} INFO - DAG(s) 'store_rocket_launches_v2' retrieved from /opt/airflow/dags/locket-lunch.py
[2025-01-16T04:01:59.641+0000] {logging_mixin.py:190} INFO - [2025-01-16T04:01:59.641+0000] {dag.py:3239} INFO - Sync 1 DAGs
[2025-01-16T04:01:59.665+0000] {logging_mixin.py:190} INFO - [2025-01-16T04:01:59.664+0000] {dag.py:4180} INFO - Setting next_dagrun for store_rocket_launches_v2 to None, run_after=None
[2025-01-16T04:01:59.706+0000] {processor.py:208} INFO - Processing /opt/airflow/dags/locket-lunch.py took 0.157 seconds
[2025-01-16T04:02:29.807+0000] {processor.py:186} INFO - Started process (PID=109) to work on /opt/airflow/dags/locket-lunch.py
[2025-01-16T04:02:29.808+0000] {processor.py:914} INFO - Processing file /opt/airflow/dags/locket-lunch.py for tasks to queue
[2025-01-16T04:02:29.812+0000] {logging_mixin.py:190} INFO - [2025-01-16T04:02:29.812+0000] {dagbag.py:588} INFO - Filling up the DagBag from /opt/airflow/dags/locket-lunch.py
[2025-01-16T04:02:29.833+0000] {processor.py:925} INFO - DAG(s) 'store_rocket_launches_v2' retrieved from /opt/airflow/dags/locket-lunch.py
[2025-01-16T04:02:29.876+0000] {logging_mixin.py:190} INFO - [2025-01-16T04:02:29.875+0000] {dag.py:3239} INFO - Sync 1 DAGs
[2025-01-16T04:02:29.894+0000] {logging_mixin.py:190} INFO - [2025-01-16T04:02:29.894+0000] {dag.py:4180} INFO - Setting next_dagrun for store_rocket_launches_v2 to None, run_after=None
[2025-01-16T04:02:29.922+0000] {processor.py:208} INFO - Processing /opt/airflow/dags/locket-lunch.py took 0.125 seconds
[2025-01-16T04:03:00.028+0000] {processor.py:186} INFO - Started process (PID=116) to work on /opt/airflow/dags/locket-lunch.py
[2025-01-16T04:03:00.030+0000] {processor.py:914} INFO - Processing file /opt/airflow/dags/locket-lunch.py for tasks to queue
[2025-01-16T04:03:00.038+0000] {logging_mixin.py:190} INFO - [2025-01-16T04:03:00.036+0000] {dagbag.py:588} INFO - Filling up the DagBag from /opt/airflow/dags/locket-lunch.py
[2025-01-16T04:03:00.058+0000] {processor.py:925} INFO - DAG(s) 'store_rocket_launches_v2' retrieved from /opt/airflow/dags/locket-lunch.py
[2025-01-16T04:03:00.093+0000] {logging_mixin.py:190} INFO - [2025-01-16T04:03:00.092+0000] {dag.py:3239} INFO - Sync 1 DAGs
[2025-01-16T04:03:00.113+0000] {logging_mixin.py:190} INFO - [2025-01-16T04:03:00.113+0000] {dag.py:4180} INFO - Setting next_dagrun for store_rocket_launches_v2 to None, run_after=None
[2025-01-16T04:03:00.160+0000] {processor.py:208} INFO - Processing /opt/airflow/dags/locket-lunch.py took 0.150 seconds
[2025-01-16T04:03:30.329+0000] {processor.py:186} INFO - Started process (PID=124) to work on /opt/airflow/dags/locket-lunch.py
[2025-01-16T04:03:30.343+0000] {processor.py:914} INFO - Processing file /opt/airflow/dags/locket-lunch.py for tasks to queue
[2025-01-16T04:03:30.347+0000] {logging_mixin.py:190} INFO - [2025-01-16T04:03:30.346+0000] {dagbag.py:588} INFO - Filling up the DagBag from /opt/airflow/dags/locket-lunch.py
[2025-01-16T04:03:30.367+0000] {processor.py:925} INFO - DAG(s) 'store_rocket_launches_v2' retrieved from /opt/airflow/dags/locket-lunch.py
[2025-01-16T04:03:30.414+0000] {logging_mixin.py:190} INFO - [2025-01-16T04:03:30.413+0000] {dag.py:3239} INFO - Sync 1 DAGs
[2025-01-16T04:03:30.781+0000] {logging_mixin.py:190} INFO - [2025-01-16T04:03:30.780+0000] {dag.py:4180} INFO - Setting next_dagrun for store_rocket_launches_v2 to None, run_after=None
[2025-01-16T04:03:30.847+0000] {processor.py:208} INFO - Processing /opt/airflow/dags/locket-lunch.py took 0.528 seconds
[2025-01-16T04:04:01.139+0000] {processor.py:186} INFO - Started process (PID=131) to work on /opt/airflow/dags/locket-lunch.py
[2025-01-16T04:04:01.140+0000] {processor.py:914} INFO - Processing file /opt/airflow/dags/locket-lunch.py for tasks to queue
[2025-01-16T04:04:01.144+0000] {logging_mixin.py:190} INFO - [2025-01-16T04:04:01.144+0000] {dagbag.py:588} INFO - Filling up the DagBag from /opt/airflow/dags/locket-lunch.py
[2025-01-16T04:04:01.177+0000] {processor.py:925} INFO - DAG(s) 'store_rocket_launches_v2' retrieved from /opt/airflow/dags/locket-lunch.py
[2025-01-16T04:04:01.260+0000] {logging_mixin.py:190} INFO - [2025-01-16T04:04:01.259+0000] {dag.py:3239} INFO - Sync 1 DAGs
[2025-01-16T04:04:01.551+0000] {logging_mixin.py:190} INFO - [2025-01-16T04:04:01.550+0000] {dag.py:4180} INFO - Setting next_dagrun for store_rocket_launches_v2 to None, run_after=None
[2025-01-16T04:04:01.594+0000] {processor.py:208} INFO - Processing /opt/airflow/dags/locket-lunch.py took 0.467 seconds
[2025-01-16T04:04:31.892+0000] {processor.py:186} INFO - Started process (PID=138) to work on /opt/airflow/dags/locket-lunch.py
[2025-01-16T04:04:31.894+0000] {processor.py:914} INFO - Processing file /opt/airflow/dags/locket-lunch.py for tasks to queue
[2025-01-16T04:04:31.904+0000] {logging_mixin.py:190} INFO - [2025-01-16T04:04:31.903+0000] {dagbag.py:588} INFO - Filling up the DagBag from /opt/airflow/dags/locket-lunch.py
[2025-01-16T04:04:31.974+0000] {processor.py:925} INFO - DAG(s) 'store_rocket_launches_v2' retrieved from /opt/airflow/dags/locket-lunch.py
[2025-01-16T04:04:32.997+0000] {logging_mixin.py:190} INFO - [2025-01-16T04:04:32.996+0000] {dag.py:3239} INFO - Sync 1 DAGs
[2025-01-16T04:04:33.061+0000] {logging_mixin.py:190} INFO - [2025-01-16T04:04:33.061+0000] {dag.py:4180} INFO - Setting next_dagrun for store_rocket_launches_v2 to None, run_after=None
[2025-01-16T04:04:33.149+0000] {processor.py:208} INFO - Processing /opt/airflow/dags/locket-lunch.py took 1.286 seconds
[2025-01-16T04:05:03.265+0000] {processor.py:186} INFO - Started process (PID=145) to work on /opt/airflow/dags/locket-lunch.py
[2025-01-16T04:05:03.268+0000] {processor.py:914} INFO - Processing file /opt/airflow/dags/locket-lunch.py for tasks to queue
[2025-01-16T04:05:03.276+0000] {logging_mixin.py:190} INFO - [2025-01-16T04:05:03.275+0000] {dagbag.py:588} INFO - Filling up the DagBag from /opt/airflow/dags/locket-lunch.py
[2025-01-16T04:05:03.317+0000] {processor.py:925} INFO - DAG(s) 'store_rocket_launches_v2' retrieved from /opt/airflow/dags/locket-lunch.py
[2025-01-16T04:05:03.388+0000] {logging_mixin.py:190} INFO - [2025-01-16T04:05:03.388+0000] {dag.py:3239} INFO - Sync 1 DAGs
[2025-01-16T04:05:03.421+0000] {logging_mixin.py:190} INFO - [2025-01-16T04:05:03.421+0000] {dag.py:4180} INFO - Setting next_dagrun for store_rocket_launches_v2 to None, run_after=None
[2025-01-16T04:05:03.452+0000] {processor.py:208} INFO - Processing /opt/airflow/dags/locket-lunch.py took 0.204 seconds
[2025-01-16T04:05:33.639+0000] {processor.py:186} INFO - Started process (PID=152) to work on /opt/airflow/dags/locket-lunch.py
[2025-01-16T04:05:33.642+0000] {processor.py:914} INFO - Processing file /opt/airflow/dags/locket-lunch.py for tasks to queue
[2025-01-16T04:05:33.645+0000] {logging_mixin.py:190} INFO - [2025-01-16T04:05:33.645+0000] {dagbag.py:588} INFO - Filling up the DagBag from /opt/airflow/dags/locket-lunch.py
[2025-01-16T04:05:33.667+0000] {processor.py:925} INFO - DAG(s) 'store_rocket_launches_v2' retrieved from /opt/airflow/dags/locket-lunch.py
[2025-01-16T04:05:33.707+0000] {logging_mixin.py:190} INFO - [2025-01-16T04:05:33.707+0000] {dag.py:3239} INFO - Sync 1 DAGs
[2025-01-16T04:05:33.730+0000] {logging_mixin.py:190} INFO - [2025-01-16T04:05:33.730+0000] {dag.py:4180} INFO - Setting next_dagrun for store_rocket_launches_v2 to None, run_after=None
[2025-01-16T04:05:33.762+0000] {processor.py:208} INFO - Processing /opt/airflow/dags/locket-lunch.py took 0.132 seconds
[2025-01-16T04:06:03.841+0000] {processor.py:186} INFO - Started process (PID=159) to work on /opt/airflow/dags/locket-lunch.py
[2025-01-16T04:06:03.842+0000] {processor.py:914} INFO - Processing file /opt/airflow/dags/locket-lunch.py for tasks to queue
[2025-01-16T04:06:03.846+0000] {logging_mixin.py:190} INFO - [2025-01-16T04:06:03.846+0000] {dagbag.py:588} INFO - Filling up the DagBag from /opt/airflow/dags/locket-lunch.py
[2025-01-16T04:06:03.867+0000] {processor.py:925} INFO - DAG(s) 'store_rocket_launches_v2' retrieved from /opt/airflow/dags/locket-lunch.py
[2025-01-16T04:06:03.911+0000] {logging_mixin.py:190} INFO - [2025-01-16T04:06:03.911+0000] {dag.py:3239} INFO - Sync 1 DAGs
[2025-01-16T04:06:03.942+0000] {logging_mixin.py:190} INFO - [2025-01-16T04:06:03.942+0000] {dag.py:4180} INFO - Setting next_dagrun for store_rocket_launches_v2 to None, run_after=None
[2025-01-16T04:06:04.300+0000] {processor.py:208} INFO - Processing /opt/airflow/dags/locket-lunch.py took 0.469 seconds
[2025-01-16T04:06:34.562+0000] {processor.py:186} INFO - Started process (PID=166) to work on /opt/airflow/dags/locket-lunch.py
[2025-01-16T04:06:34.563+0000] {processor.py:914} INFO - Processing file /opt/airflow/dags/locket-lunch.py for tasks to queue
[2025-01-16T04:06:34.566+0000] {logging_mixin.py:190} INFO - [2025-01-16T04:06:34.566+0000] {dagbag.py:588} INFO - Filling up the DagBag from /opt/airflow/dags/locket-lunch.py
[2025-01-16T04:06:34.588+0000] {processor.py:925} INFO - DAG(s) 'store_rocket_launches_v2' retrieved from /opt/airflow/dags/locket-lunch.py
[2025-01-16T04:06:34.637+0000] {logging_mixin.py:190} INFO - [2025-01-16T04:06:34.636+0000] {dag.py:3239} INFO - Sync 1 DAGs
[2025-01-16T04:06:34.913+0000] {logging_mixin.py:190} INFO - [2025-01-16T04:06:34.912+0000] {dag.py:4180} INFO - Setting next_dagrun for store_rocket_launches_v2 to None, run_after=None
[2025-01-16T04:06:34.971+0000] {processor.py:208} INFO - Processing /opt/airflow/dags/locket-lunch.py took 0.421 seconds
[2025-01-16T04:07:05.220+0000] {processor.py:186} INFO - Started process (PID=173) to work on /opt/airflow/dags/locket-lunch.py
[2025-01-16T04:07:05.221+0000] {processor.py:914} INFO - Processing file /opt/airflow/dags/locket-lunch.py for tasks to queue
[2025-01-16T04:07:05.225+0000] {logging_mixin.py:190} INFO - [2025-01-16T04:07:05.225+0000] {dagbag.py:588} INFO - Filling up the DagBag from /opt/airflow/dags/locket-lunch.py
[2025-01-16T04:07:05.245+0000] {processor.py:925} INFO - DAG(s) 'store_rocket_launches_v2' retrieved from /opt/airflow/dags/locket-lunch.py
[2025-01-16T04:07:05.493+0000] {logging_mixin.py:190} INFO - [2025-01-16T04:07:05.493+0000] {dag.py:3239} INFO - Sync 1 DAGs
[2025-01-16T04:07:05.513+0000] {logging_mixin.py:190} INFO - [2025-01-16T04:07:05.512+0000] {dag.py:4180} INFO - Setting next_dagrun for store_rocket_launches_v2 to None, run_after=None
[2025-01-16T04:07:05.545+0000] {processor.py:208} INFO - Processing /opt/airflow/dags/locket-lunch.py took 0.336 seconds
[2025-01-16T04:07:35.768+0000] {processor.py:186} INFO - Started process (PID=180) to work on /opt/airflow/dags/locket-lunch.py
[2025-01-16T04:07:35.769+0000] {processor.py:914} INFO - Processing file /opt/airflow/dags/locket-lunch.py for tasks to queue
[2025-01-16T04:07:35.772+0000] {logging_mixin.py:190} INFO - [2025-01-16T04:07:35.772+0000] {dagbag.py:588} INFO - Filling up the DagBag from /opt/airflow/dags/locket-lunch.py
[2025-01-16T04:07:35.791+0000] {processor.py:925} INFO - DAG(s) 'store_rocket_launches_v2' retrieved from /opt/airflow/dags/locket-lunch.py
[2025-01-16T04:07:35.839+0000] {logging_mixin.py:190} INFO - [2025-01-16T04:07:35.838+0000] {dag.py:3239} INFO - Sync 1 DAGs
[2025-01-16T04:07:35.862+0000] {logging_mixin.py:190} INFO - [2025-01-16T04:07:35.862+0000] {dag.py:4180} INFO - Setting next_dagrun for store_rocket_launches_v2 to None, run_after=None
[2025-01-16T04:07:35.895+0000] {processor.py:208} INFO - Processing /opt/airflow/dags/locket-lunch.py took 0.134 seconds
[2025-01-16T04:08:05.940+0000] {processor.py:186} INFO - Started process (PID=187) to work on /opt/airflow/dags/locket-lunch.py
[2025-01-16T04:08:05.955+0000] {processor.py:914} INFO - Processing file /opt/airflow/dags/locket-lunch.py for tasks to queue
[2025-01-16T04:08:05.961+0000] {logging_mixin.py:190} INFO - [2025-01-16T04:08:05.960+0000] {dagbag.py:588} INFO - Filling up the DagBag from /opt/airflow/dags/locket-lunch.py
[2025-01-16T04:08:05.981+0000] {processor.py:925} INFO - DAG(s) 'store_rocket_launches_v2' retrieved from /opt/airflow/dags/locket-lunch.py
[2025-01-16T04:08:06.037+0000] {logging_mixin.py:190} INFO - [2025-01-16T04:08:06.036+0000] {dag.py:3239} INFO - Sync 1 DAGs
[2025-01-16T04:08:06.060+0000] {logging_mixin.py:190} INFO - [2025-01-16T04:08:06.059+0000] {dag.py:4180} INFO - Setting next_dagrun for store_rocket_launches_v2 to None, run_after=None
[2025-01-16T04:08:06.113+0000] {processor.py:208} INFO - Processing /opt/airflow/dags/locket-lunch.py took 0.181 seconds
[2025-01-16T04:08:36.333+0000] {processor.py:186} INFO - Started process (PID=194) to work on /opt/airflow/dags/locket-lunch.py
[2025-01-16T04:08:36.335+0000] {processor.py:914} INFO - Processing file /opt/airflow/dags/locket-lunch.py for tasks to queue
[2025-01-16T04:08:36.340+0000] {logging_mixin.py:190} INFO - [2025-01-16T04:08:36.339+0000] {dagbag.py:588} INFO - Filling up the DagBag from /opt/airflow/dags/locket-lunch.py
[2025-01-16T04:08:36.367+0000] {processor.py:925} INFO - DAG(s) 'store_rocket_launches_v2' retrieved from /opt/airflow/dags/locket-lunch.py
[2025-01-16T04:08:36.411+0000] {logging_mixin.py:190} INFO - [2025-01-16T04:08:36.411+0000] {dag.py:3239} INFO - Sync 1 DAGs
[2025-01-16T04:08:36.435+0000] {logging_mixin.py:190} INFO - [2025-01-16T04:08:36.435+0000] {dag.py:4180} INFO - Setting next_dagrun for store_rocket_launches_v2 to None, run_after=None
[2025-01-16T04:08:36.476+0000] {processor.py:208} INFO - Processing /opt/airflow/dags/locket-lunch.py took 0.154 seconds
[2025-01-16T04:09:06.563+0000] {processor.py:186} INFO - Started process (PID=201) to work on /opt/airflow/dags/locket-lunch.py
[2025-01-16T04:09:06.565+0000] {processor.py:914} INFO - Processing file /opt/airflow/dags/locket-lunch.py for tasks to queue
[2025-01-16T04:09:06.569+0000] {logging_mixin.py:190} INFO - [2025-01-16T04:09:06.568+0000] {dagbag.py:588} INFO - Filling up the DagBag from /opt/airflow/dags/locket-lunch.py
[2025-01-16T04:09:06.590+0000] {processor.py:925} INFO - DAG(s) 'store_rocket_launches_v2' retrieved from /opt/airflow/dags/locket-lunch.py
[2025-01-16T04:09:06.637+0000] {logging_mixin.py:190} INFO - [2025-01-16T04:09:06.636+0000] {dag.py:3239} INFO - Sync 1 DAGs
[2025-01-16T04:09:06.947+0000] {logging_mixin.py:190} INFO - [2025-01-16T04:09:06.946+0000] {dag.py:4180} INFO - Setting next_dagrun for store_rocket_launches_v2 to None, run_after=None
[2025-01-16T04:09:07.004+0000] {processor.py:208} INFO - Processing /opt/airflow/dags/locket-lunch.py took 0.454 seconds
[2025-01-16T04:09:37.292+0000] {processor.py:186} INFO - Started process (PID=208) to work on /opt/airflow/dags/locket-lunch.py
[2025-01-16T04:09:37.297+0000] {processor.py:914} INFO - Processing file /opt/airflow/dags/locket-lunch.py for tasks to queue
[2025-01-16T04:09:37.302+0000] {logging_mixin.py:190} INFO - [2025-01-16T04:09:37.301+0000] {dagbag.py:588} INFO - Filling up the DagBag from /opt/airflow/dags/locket-lunch.py
[2025-01-16T04:09:37.335+0000] {processor.py:925} INFO - DAG(s) 'store_rocket_launches_v2' retrieved from /opt/airflow/dags/locket-lunch.py
[2025-01-16T04:09:37.385+0000] {logging_mixin.py:190} INFO - [2025-01-16T04:09:37.385+0000] {dag.py:3239} INFO - Sync 1 DAGs
[2025-01-16T04:09:37.658+0000] {logging_mixin.py:190} INFO - [2025-01-16T04:09:37.658+0000] {dag.py:4180} INFO - Setting next_dagrun for store_rocket_launches_v2 to None, run_after=None
[2025-01-16T04:09:37.693+0000] {processor.py:208} INFO - Processing /opt/airflow/dags/locket-lunch.py took 0.411 seconds
[2025-01-16T04:10:07.932+0000] {processor.py:186} INFO - Started process (PID=215) to work on /opt/airflow/dags/locket-lunch.py
[2025-01-16T04:10:07.935+0000] {processor.py:914} INFO - Processing file /opt/airflow/dags/locket-lunch.py for tasks to queue
[2025-01-16T04:10:07.945+0000] {logging_mixin.py:190} INFO - [2025-01-16T04:10:07.943+0000] {dagbag.py:588} INFO - Filling up the DagBag from /opt/airflow/dags/locket-lunch.py
[2025-01-16T04:10:08.006+0000] {processor.py:925} INFO - DAG(s) 'store_rocket_launches_v2' retrieved from /opt/airflow/dags/locket-lunch.py
[2025-01-16T04:10:08.079+0000] {logging_mixin.py:190} INFO - [2025-01-16T04:10:08.078+0000] {dag.py:3239} INFO - Sync 1 DAGs
[2025-01-16T04:10:08.111+0000] {logging_mixin.py:190} INFO - [2025-01-16T04:10:08.111+0000] {dag.py:4180} INFO - Setting next_dagrun for store_rocket_launches_v2 to None, run_after=None
[2025-01-16T04:10:08.149+0000] {processor.py:208} INFO - Processing /opt/airflow/dags/locket-lunch.py took 0.247 seconds
[2025-01-16T04:10:38.345+0000] {processor.py:186} INFO - Started process (PID=222) to work on /opt/airflow/dags/locket-lunch.py
[2025-01-16T04:10:38.360+0000] {processor.py:914} INFO - Processing file /opt/airflow/dags/locket-lunch.py for tasks to queue
[2025-01-16T04:10:38.364+0000] {logging_mixin.py:190} INFO - [2025-01-16T04:10:38.363+0000] {dagbag.py:588} INFO - Filling up the DagBag from /opt/airflow/dags/locket-lunch.py
[2025-01-16T04:10:38.389+0000] {processor.py:925} INFO - DAG(s) 'store_rocket_launches_v2' retrieved from /opt/airflow/dags/locket-lunch.py
[2025-01-16T04:10:38.447+0000] {logging_mixin.py:190} INFO - [2025-01-16T04:10:38.447+0000] {dag.py:3239} INFO - Sync 1 DAGs
[2025-01-16T04:10:38.487+0000] {logging_mixin.py:190} INFO - [2025-01-16T04:10:38.486+0000] {dag.py:4180} INFO - Setting next_dagrun for store_rocket_launches_v2 to None, run_after=None
[2025-01-16T04:10:38.555+0000] {processor.py:208} INFO - Processing /opt/airflow/dags/locket-lunch.py took 0.224 seconds
[2025-01-16T04:11:08.812+0000] {processor.py:186} INFO - Started process (PID=229) to work on /opt/airflow/dags/locket-lunch.py
[2025-01-16T04:11:08.814+0000] {processor.py:914} INFO - Processing file /opt/airflow/dags/locket-lunch.py for tasks to queue
[2025-01-16T04:11:08.820+0000] {logging_mixin.py:190} INFO - [2025-01-16T04:11:08.819+0000] {dagbag.py:588} INFO - Filling up the DagBag from /opt/airflow/dags/locket-lunch.py
[2025-01-16T04:11:08.845+0000] {processor.py:925} INFO - DAG(s) 'store_rocket_launches_v2' retrieved from /opt/airflow/dags/locket-lunch.py
[2025-01-16T04:11:08.884+0000] {logging_mixin.py:190} INFO - [2025-01-16T04:11:08.883+0000] {dag.py:3239} INFO - Sync 1 DAGs
[2025-01-16T04:11:08.911+0000] {logging_mixin.py:190} INFO - [2025-01-16T04:11:08.911+0000] {dag.py:4180} INFO - Setting next_dagrun for store_rocket_launches_v2 to None, run_after=None
[2025-01-16T04:11:08.952+0000] {processor.py:208} INFO - Processing /opt/airflow/dags/locket-lunch.py took 0.156 seconds
[2025-01-16T04:11:39.026+0000] {processor.py:186} INFO - Started process (PID=236) to work on /opt/airflow/dags/locket-lunch.py
[2025-01-16T04:11:39.030+0000] {processor.py:914} INFO - Processing file /opt/airflow/dags/locket-lunch.py for tasks to queue
[2025-01-16T04:11:39.036+0000] {logging_mixin.py:190} INFO - [2025-01-16T04:11:39.035+0000] {dagbag.py:588} INFO - Filling up the DagBag from /opt/airflow/dags/locket-lunch.py
[2025-01-16T04:11:39.091+0000] {processor.py:925} INFO - DAG(s) 'store_rocket_launches_v2' retrieved from /opt/airflow/dags/locket-lunch.py
[2025-01-16T04:11:39.201+0000] {logging_mixin.py:190} INFO - [2025-01-16T04:11:39.200+0000] {dag.py:3239} INFO - Sync 1 DAGs
[2025-01-16T04:11:39.240+0000] {logging_mixin.py:190} INFO - [2025-01-16T04:11:39.239+0000] {dag.py:4180} INFO - Setting next_dagrun for store_rocket_launches_v2 to None, run_after=None
[2025-01-16T04:11:39.524+0000] {processor.py:208} INFO - Processing /opt/airflow/dags/locket-lunch.py took 0.521 seconds
[2025-01-16T04:12:09.772+0000] {processor.py:186} INFO - Started process (PID=243) to work on /opt/airflow/dags/locket-lunch.py
[2025-01-16T04:12:09.774+0000] {processor.py:914} INFO - Processing file /opt/airflow/dags/locket-lunch.py for tasks to queue
[2025-01-16T04:12:09.786+0000] {logging_mixin.py:190} INFO - [2025-01-16T04:12:09.783+0000] {dagbag.py:588} INFO - Filling up the DagBag from /opt/airflow/dags/locket-lunch.py
[2025-01-16T04:12:09.836+0000] {processor.py:925} INFO - DAG(s) 'store_rocket_launches_v2' retrieved from /opt/airflow/dags/locket-lunch.py
[2025-01-16T04:12:09.931+0000] {logging_mixin.py:190} INFO - [2025-01-16T04:12:09.930+0000] {dag.py:3239} INFO - Sync 1 DAGs
[2025-01-16T04:12:10.226+0000] {logging_mixin.py:190} INFO - [2025-01-16T04:12:10.225+0000] {dag.py:4180} INFO - Setting next_dagrun for store_rocket_launches_v2 to None, run_after=None
[2025-01-16T04:12:10.297+0000] {processor.py:208} INFO - Processing /opt/airflow/dags/locket-lunch.py took 0.542 seconds
[2025-01-16T04:12:40.531+0000] {processor.py:186} INFO - Started process (PID=250) to work on /opt/airflow/dags/locket-lunch.py
[2025-01-16T04:12:40.533+0000] {processor.py:914} INFO - Processing file /opt/airflow/dags/locket-lunch.py for tasks to queue
[2025-01-16T04:12:40.538+0000] {logging_mixin.py:190} INFO - [2025-01-16T04:12:40.537+0000] {dagbag.py:588} INFO - Filling up the DagBag from /opt/airflow/dags/locket-lunch.py
[2025-01-16T04:12:40.559+0000] {processor.py:925} INFO - DAG(s) 'store_rocket_launches_v2' retrieved from /opt/airflow/dags/locket-lunch.py
[2025-01-16T04:12:40.987+0000] {logging_mixin.py:190} INFO - [2025-01-16T04:12:40.987+0000] {dag.py:3239} INFO - Sync 1 DAGs
[2025-01-16T04:12:41.012+0000] {logging_mixin.py:190} INFO - [2025-01-16T04:12:41.011+0000] {dag.py:4180} INFO - Setting next_dagrun for store_rocket_launches_v2 to None, run_after=None
[2025-01-16T04:12:41.057+0000] {processor.py:208} INFO - Processing /opt/airflow/dags/locket-lunch.py took 0.535 seconds
[2025-01-16T04:13:11.447+0000] {processor.py:186} INFO - Started process (PID=256) to work on /opt/airflow/dags/locket-lunch.py
[2025-01-16T04:13:11.449+0000] {processor.py:914} INFO - Processing file /opt/airflow/dags/locket-lunch.py for tasks to queue
[2025-01-16T04:13:11.456+0000] {logging_mixin.py:190} INFO - [2025-01-16T04:13:11.454+0000] {dagbag.py:588} INFO - Filling up the DagBag from /opt/airflow/dags/locket-lunch.py
[2025-01-16T04:13:11.490+0000] {processor.py:925} INFO - DAG(s) 'store_rocket_launches_v2' retrieved from /opt/airflow/dags/locket-lunch.py
[2025-01-16T04:13:11.548+0000] {logging_mixin.py:190} INFO - [2025-01-16T04:13:11.548+0000] {dag.py:3239} INFO - Sync 1 DAGs
[2025-01-16T04:13:11.576+0000] {logging_mixin.py:190} INFO - [2025-01-16T04:13:11.576+0000] {dag.py:4180} INFO - Setting next_dagrun for store_rocket_launches_v2 to None, run_after=None
[2025-01-16T04:13:11.627+0000] {processor.py:208} INFO - Processing /opt/airflow/dags/locket-lunch.py took 0.194 seconds
[2025-01-16T04:13:41.839+0000] {processor.py:186} INFO - Started process (PID=263) to work on /opt/airflow/dags/locket-lunch.py
[2025-01-16T04:13:41.854+0000] {processor.py:914} INFO - Processing file /opt/airflow/dags/locket-lunch.py for tasks to queue
[2025-01-16T04:13:41.858+0000] {logging_mixin.py:190} INFO - [2025-01-16T04:13:41.857+0000] {dagbag.py:588} INFO - Filling up the DagBag from /opt/airflow/dags/locket-lunch.py
[2025-01-16T04:13:41.880+0000] {processor.py:925} INFO - DAG(s) 'store_rocket_launches_v2' retrieved from /opt/airflow/dags/locket-lunch.py
[2025-01-16T04:13:41.941+0000] {logging_mixin.py:190} INFO - [2025-01-16T04:13:41.940+0000] {dag.py:3239} INFO - Sync 1 DAGs
[2025-01-16T04:13:41.975+0000] {logging_mixin.py:190} INFO - [2025-01-16T04:13:41.975+0000] {dag.py:4180} INFO - Setting next_dagrun for store_rocket_launches_v2 to None, run_after=None
[2025-01-16T04:13:42.011+0000] {processor.py:208} INFO - Processing /opt/airflow/dags/locket-lunch.py took 0.182 seconds
[2025-01-16T04:14:12.054+0000] {processor.py:186} INFO - Started process (PID=270) to work on /opt/airflow/dags/locket-lunch.py
[2025-01-16T04:14:12.056+0000] {processor.py:914} INFO - Processing file /opt/airflow/dags/locket-lunch.py for tasks to queue
[2025-01-16T04:14:12.060+0000] {logging_mixin.py:190} INFO - [2025-01-16T04:14:12.060+0000] {dagbag.py:588} INFO - Filling up the DagBag from /opt/airflow/dags/locket-lunch.py
[2025-01-16T04:14:12.085+0000] {processor.py:925} INFO - DAG(s) 'store_rocket_launches_v2' retrieved from /opt/airflow/dags/locket-lunch.py
[2025-01-16T04:14:12.133+0000] {logging_mixin.py:190} INFO - [2025-01-16T04:14:12.133+0000] {dag.py:3239} INFO - Sync 1 DAGs
[2025-01-16T04:14:12.162+0000] {logging_mixin.py:190} INFO - [2025-01-16T04:14:12.162+0000] {dag.py:4180} INFO - Setting next_dagrun for store_rocket_launches_v2 to None, run_after=None
[2025-01-16T04:14:12.210+0000] {processor.py:208} INFO - Processing /opt/airflow/dags/locket-lunch.py took 0.167 seconds
[2025-01-16T04:14:42.440+0000] {processor.py:186} INFO - Started process (PID=277) to work on /opt/airflow/dags/locket-lunch.py
[2025-01-16T04:14:42.457+0000] {processor.py:914} INFO - Processing file /opt/airflow/dags/locket-lunch.py for tasks to queue
[2025-01-16T04:14:42.462+0000] {logging_mixin.py:190} INFO - [2025-01-16T04:14:42.461+0000] {dagbag.py:588} INFO - Filling up the DagBag from /opt/airflow/dags/locket-lunch.py
[2025-01-16T04:14:42.493+0000] {processor.py:925} INFO - DAG(s) 'store_rocket_launches_v2' retrieved from /opt/airflow/dags/locket-lunch.py
[2025-01-16T04:14:42.574+0000] {logging_mixin.py:190} INFO - [2025-01-16T04:14:42.573+0000] {dag.py:3239} INFO - Sync 1 DAGs
[2025-01-16T04:14:42.874+0000] {logging_mixin.py:190} INFO - [2025-01-16T04:14:42.873+0000] {dag.py:4180} INFO - Setting next_dagrun for store_rocket_launches_v2 to None, run_after=None
[2025-01-16T04:14:42.907+0000] {processor.py:208} INFO - Processing /opt/airflow/dags/locket-lunch.py took 0.480 seconds
[2025-01-16T04:15:13.093+0000] {processor.py:186} INFO - Started process (PID=284) to work on /opt/airflow/dags/locket-lunch.py
[2025-01-16T04:15:13.095+0000] {processor.py:914} INFO - Processing file /opt/airflow/dags/locket-lunch.py for tasks to queue
[2025-01-16T04:15:13.099+0000] {logging_mixin.py:190} INFO - [2025-01-16T04:15:13.098+0000] {dagbag.py:588} INFO - Filling up the DagBag from /opt/airflow/dags/locket-lunch.py
[2025-01-16T04:15:13.121+0000] {processor.py:925} INFO - DAG(s) 'store_rocket_launches_v2' retrieved from /opt/airflow/dags/locket-lunch.py
[2025-01-16T04:15:13.404+0000] {logging_mixin.py:190} INFO - [2025-01-16T04:15:13.403+0000] {dag.py:3239} INFO - Sync 1 DAGs
[2025-01-16T04:15:13.424+0000] {logging_mixin.py:190} INFO - [2025-01-16T04:15:13.424+0000] {dag.py:4180} INFO - Setting next_dagrun for store_rocket_launches_v2 to None, run_after=None
[2025-01-16T04:15:13.473+0000] {processor.py:208} INFO - Processing /opt/airflow/dags/locket-lunch.py took 0.390 seconds
[2025-01-16T04:15:43.750+0000] {processor.py:186} INFO - Started process (PID=291) to work on /opt/airflow/dags/locket-lunch.py
[2025-01-16T04:15:43.765+0000] {processor.py:914} INFO - Processing file /opt/airflow/dags/locket-lunch.py for tasks to queue
[2025-01-16T04:15:43.770+0000] {logging_mixin.py:190} INFO - [2025-01-16T04:15:43.769+0000] {dagbag.py:588} INFO - Filling up the DagBag from /opt/airflow/dags/locket-lunch.py
[2025-01-16T04:15:43.797+0000] {processor.py:925} INFO - DAG(s) 'store_rocket_launches_v2' retrieved from /opt/airflow/dags/locket-lunch.py
[2025-01-16T04:15:44.076+0000] {logging_mixin.py:190} INFO - [2025-01-16T04:15:44.076+0000] {dag.py:3239} INFO - Sync 1 DAGs
[2025-01-16T04:15:44.101+0000] {logging_mixin.py:190} INFO - [2025-01-16T04:15:44.101+0000] {dag.py:4180} INFO - Setting next_dagrun for store_rocket_launches_v2 to None, run_after=None
[2025-01-16T04:15:44.137+0000] {processor.py:208} INFO - Processing /opt/airflow/dags/locket-lunch.py took 0.405 seconds
[2025-01-16T04:16:14.401+0000] {processor.py:186} INFO - Started process (PID=298) to work on /opt/airflow/dags/locket-lunch.py
[2025-01-16T04:16:14.403+0000] {processor.py:914} INFO - Processing file /opt/airflow/dags/locket-lunch.py for tasks to queue
[2025-01-16T04:16:14.407+0000] {logging_mixin.py:190} INFO - [2025-01-16T04:16:14.407+0000] {dagbag.py:588} INFO - Filling up the DagBag from /opt/airflow/dags/locket-lunch.py
[2025-01-16T04:16:14.437+0000] {processor.py:925} INFO - DAG(s) 'store_rocket_launches_v2' retrieved from /opt/airflow/dags/locket-lunch.py
[2025-01-16T04:16:14.485+0000] {logging_mixin.py:190} INFO - [2025-01-16T04:16:14.485+0000] {dag.py:3239} INFO - Sync 1 DAGs
[2025-01-16T04:16:14.507+0000] {logging_mixin.py:190} INFO - [2025-01-16T04:16:14.507+0000] {dag.py:4180} INFO - Setting next_dagrun for store_rocket_launches_v2 to None, run_after=None
[2025-01-16T04:16:14.556+0000] {processor.py:208} INFO - Processing /opt/airflow/dags/locket-lunch.py took 0.165 seconds
[2025-01-16T04:16:44.629+0000] {processor.py:186} INFO - Started process (PID=305) to work on /opt/airflow/dags/locket-lunch.py
[2025-01-16T04:16:44.645+0000] {processor.py:914} INFO - Processing file /opt/airflow/dags/locket-lunch.py for tasks to queue
[2025-01-16T04:16:44.649+0000] {logging_mixin.py:190} INFO - [2025-01-16T04:16:44.649+0000] {dagbag.py:588} INFO - Filling up the DagBag from /opt/airflow/dags/locket-lunch.py
[2025-01-16T04:16:44.675+0000] {processor.py:925} INFO - DAG(s) 'store_rocket_launches_v2' retrieved from /opt/airflow/dags/locket-lunch.py
[2025-01-16T04:16:44.746+0000] {logging_mixin.py:190} INFO - [2025-01-16T04:16:44.746+0000] {dag.py:3239} INFO - Sync 1 DAGs
[2025-01-16T04:16:44.774+0000] {logging_mixin.py:190} INFO - [2025-01-16T04:16:44.774+0000] {dag.py:4180} INFO - Setting next_dagrun for store_rocket_launches_v2 to None, run_after=None
[2025-01-16T04:16:44.825+0000] {processor.py:208} INFO - Processing /opt/airflow/dags/locket-lunch.py took 0.211 seconds
[2025-01-16T04:17:14.919+0000] {processor.py:186} INFO - Started process (PID=312) to work on /opt/airflow/dags/locket-lunch.py
[2025-01-16T04:17:14.920+0000] {processor.py:914} INFO - Processing file /opt/airflow/dags/locket-lunch.py for tasks to queue
[2025-01-16T04:17:14.924+0000] {logging_mixin.py:190} INFO - [2025-01-16T04:17:14.923+0000] {dagbag.py:588} INFO - Filling up the DagBag from /opt/airflow/dags/locket-lunch.py
[2025-01-16T04:17:14.943+0000] {processor.py:925} INFO - DAG(s) 'store_rocket_launches_v2' retrieved from /opt/airflow/dags/locket-lunch.py
[2025-01-16T04:17:14.981+0000] {logging_mixin.py:190} INFO - [2025-01-16T04:17:14.981+0000] {dag.py:3239} INFO - Sync 1 DAGs
[2025-01-16T04:17:15.005+0000] {logging_mixin.py:190} INFO - [2025-01-16T04:17:15.004+0000] {dag.py:4180} INFO - Setting next_dagrun for store_rocket_launches_v2 to None, run_after=None
[2025-01-16T04:17:15.283+0000] {processor.py:208} INFO - Processing /opt/airflow/dags/locket-lunch.py took 0.375 seconds
[2025-01-16T04:17:45.510+0000] {processor.py:186} INFO - Started process (PID=319) to work on /opt/airflow/dags/locket-lunch.py
[2025-01-16T04:17:45.513+0000] {processor.py:914} INFO - Processing file /opt/airflow/dags/locket-lunch.py for tasks to queue
[2025-01-16T04:17:45.519+0000] {logging_mixin.py:190} INFO - [2025-01-16T04:17:45.518+0000] {dagbag.py:588} INFO - Filling up the DagBag from /opt/airflow/dags/locket-lunch.py
[2025-01-16T04:17:45.549+0000] {processor.py:925} INFO - DAG(s) 'store_rocket_launches_v2' retrieved from /opt/airflow/dags/locket-lunch.py
[2025-01-16T04:17:45.600+0000] {logging_mixin.py:190} INFO - [2025-01-16T04:17:45.600+0000] {dag.py:3239} INFO - Sync 1 DAGs
[2025-01-16T04:17:45.890+0000] {logging_mixin.py:190} INFO - [2025-01-16T04:17:45.890+0000] {dag.py:4180} INFO - Setting next_dagrun for store_rocket_launches_v2 to None, run_after=None
[2025-01-16T04:17:45.917+0000] {processor.py:208} INFO - Processing /opt/airflow/dags/locket-lunch.py took 0.417 seconds
[2025-01-16T04:18:16.100+0000] {processor.py:186} INFO - Started process (PID=327) to work on /opt/airflow/dags/locket-lunch.py
[2025-01-16T04:18:16.102+0000] {processor.py:914} INFO - Processing file /opt/airflow/dags/locket-lunch.py for tasks to queue
[2025-01-16T04:18:16.106+0000] {logging_mixin.py:190} INFO - [2025-01-16T04:18:16.106+0000] {dagbag.py:588} INFO - Filling up the DagBag from /opt/airflow/dags/locket-lunch.py
[2025-01-16T04:18:16.128+0000] {processor.py:925} INFO - DAG(s) 'store_rocket_launches_v2' retrieved from /opt/airflow/dags/locket-lunch.py
[2025-01-16T04:18:16.442+0000] {logging_mixin.py:190} INFO - [2025-01-16T04:18:16.441+0000] {dag.py:3239} INFO - Sync 1 DAGs
[2025-01-16T04:18:16.466+0000] {logging_mixin.py:190} INFO - [2025-01-16T04:18:16.465+0000] {dag.py:4180} INFO - Setting next_dagrun for store_rocket_launches_v2 to None, run_after=None
[2025-01-16T04:18:16.497+0000] {processor.py:208} INFO - Processing /opt/airflow/dags/locket-lunch.py took 0.406 seconds
[2025-01-16T04:18:46.748+0000] {processor.py:186} INFO - Started process (PID=334) to work on /opt/airflow/dags/locket-lunch.py
[2025-01-16T04:18:46.751+0000] {processor.py:914} INFO - Processing file /opt/airflow/dags/locket-lunch.py for tasks to queue
[2025-01-16T04:18:46.762+0000] {logging_mixin.py:190} INFO - [2025-01-16T04:18:46.761+0000] {dagbag.py:588} INFO - Filling up the DagBag from /opt/airflow/dags/locket-lunch.py
[2025-01-16T04:18:46.785+0000] {processor.py:925} INFO - DAG(s) 'store_rocket_launches_v2' retrieved from /opt/airflow/dags/locket-lunch.py
[2025-01-16T04:18:46.839+0000] {logging_mixin.py:190} INFO - [2025-01-16T04:18:46.839+0000] {dag.py:3239} INFO - Sync 1 DAGs
[2025-01-16T04:18:46.869+0000] {logging_mixin.py:190} INFO - [2025-01-16T04:18:46.869+0000] {dag.py:4180} INFO - Setting next_dagrun for store_rocket_launches_v2 to None, run_after=None
[2025-01-16T04:18:46.909+0000] {processor.py:208} INFO - Processing /opt/airflow/dags/locket-lunch.py took 0.194 seconds
[2025-01-16T04:19:17.132+0000] {processor.py:186} INFO - Started process (PID=341) to work on /opt/airflow/dags/locket-lunch.py
[2025-01-16T04:19:17.134+0000] {processor.py:914} INFO - Processing file /opt/airflow/dags/locket-lunch.py for tasks to queue
[2025-01-16T04:19:17.141+0000] {logging_mixin.py:190} INFO - [2025-01-16T04:19:17.137+0000] {dagbag.py:588} INFO - Filling up the DagBag from /opt/airflow/dags/locket-lunch.py
[2025-01-16T04:19:17.187+0000] {processor.py:925} INFO - DAG(s) 'store_rocket_launches_v2' retrieved from /opt/airflow/dags/locket-lunch.py
[2025-01-16T04:19:17.260+0000] {logging_mixin.py:190} INFO - [2025-01-16T04:19:17.259+0000] {dag.py:3239} INFO - Sync 1 DAGs
[2025-01-16T04:19:17.299+0000] {logging_mixin.py:190} INFO - [2025-01-16T04:19:17.299+0000] {dag.py:4180} INFO - Setting next_dagrun for store_rocket_launches_v2 to None, run_after=None
[2025-01-16T04:19:17.341+0000] {processor.py:208} INFO - Processing /opt/airflow/dags/locket-lunch.py took 0.229 seconds
[2025-01-16T04:19:47.528+0000] {processor.py:186} INFO - Started process (PID=348) to work on /opt/airflow/dags/locket-lunch.py
[2025-01-16T04:19:47.544+0000] {processor.py:914} INFO - Processing file /opt/airflow/dags/locket-lunch.py for tasks to queue
[2025-01-16T04:19:47.547+0000] {logging_mixin.py:190} INFO - [2025-01-16T04:19:47.547+0000] {dagbag.py:588} INFO - Filling up the DagBag from /opt/airflow/dags/locket-lunch.py
[2025-01-16T04:19:47.577+0000] {processor.py:925} INFO - DAG(s) 'store_rocket_launches_v2' retrieved from /opt/airflow/dags/locket-lunch.py
[2025-01-16T04:19:47.643+0000] {logging_mixin.py:190} INFO - [2025-01-16T04:19:47.643+0000] {dag.py:3239} INFO - Sync 1 DAGs
[2025-01-16T04:19:47.682+0000] {logging_mixin.py:190} INFO - [2025-01-16T04:19:47.682+0000] {dag.py:4180} INFO - Setting next_dagrun for store_rocket_launches_v2 to None, run_after=None
[2025-01-16T04:19:47.734+0000] {processor.py:208} INFO - Processing /opt/airflow/dags/locket-lunch.py took 0.218 seconds
[2025-01-16T04:20:17.967+0000] {processor.py:186} INFO - Started process (PID=355) to work on /opt/airflow/dags/locket-lunch.py
[2025-01-16T04:20:17.980+0000] {processor.py:914} INFO - Processing file /opt/airflow/dags/locket-lunch.py for tasks to queue
[2025-01-16T04:20:17.999+0000] {logging_mixin.py:190} INFO - [2025-01-16T04:20:17.993+0000] {dagbag.py:588} INFO - Filling up the DagBag from /opt/airflow/dags/locket-lunch.py
[2025-01-16T04:20:18.094+0000] {processor.py:925} INFO - DAG(s) 'store_rocket_launches_v2' retrieved from /opt/airflow/dags/locket-lunch.py
[2025-01-16T04:20:18.192+0000] {logging_mixin.py:190} INFO - [2025-01-16T04:20:18.191+0000] {dag.py:3239} INFO - Sync 1 DAGs
[2025-01-16T04:20:18.952+0000] {logging_mixin.py:190} INFO - [2025-01-16T04:20:18.951+0000] {dag.py:4180} INFO - Setting next_dagrun for store_rocket_launches_v2 to None, run_after=None
[2025-01-16T04:20:19.010+0000] {processor.py:208} INFO - Processing /opt/airflow/dags/locket-lunch.py took 1.069 seconds
[2025-01-16T04:20:49.205+0000] {processor.py:186} INFO - Started process (PID=363) to work on /opt/airflow/dags/locket-lunch.py
[2025-01-16T04:20:49.207+0000] {processor.py:914} INFO - Processing file /opt/airflow/dags/locket-lunch.py for tasks to queue
[2025-01-16T04:20:49.211+0000] {logging_mixin.py:190} INFO - [2025-01-16T04:20:49.210+0000] {dagbag.py:588} INFO - Filling up the DagBag from /opt/airflow/dags/locket-lunch.py
[2025-01-16T04:20:49.241+0000] {processor.py:925} INFO - DAG(s) 'store_rocket_launches_v2' retrieved from /opt/airflow/dags/locket-lunch.py
[2025-01-16T04:20:49.570+0000] {logging_mixin.py:190} INFO - [2025-01-16T04:20:49.569+0000] {dag.py:3239} INFO - Sync 1 DAGs
[2025-01-16T04:20:49.589+0000] {logging_mixin.py:190} INFO - [2025-01-16T04:20:49.588+0000] {dag.py:4180} INFO - Setting next_dagrun for store_rocket_launches_v2 to None, run_after=None
[2025-01-16T04:20:49.634+0000] {processor.py:208} INFO - Processing /opt/airflow/dags/locket-lunch.py took 0.439 seconds
[2025-01-16T04:21:19.846+0000] {processor.py:186} INFO - Started process (PID=370) to work on /opt/airflow/dags/locket-lunch.py
[2025-01-16T04:21:19.849+0000] {processor.py:914} INFO - Processing file /opt/airflow/dags/locket-lunch.py for tasks to queue
[2025-01-16T04:21:19.852+0000] {logging_mixin.py:190} INFO - [2025-01-16T04:21:19.851+0000] {dagbag.py:588} INFO - Filling up the DagBag from /opt/airflow/dags/locket-lunch.py
[2025-01-16T04:21:20.177+0000] {processor.py:925} INFO - DAG(s) 'store_rocket_launches_v2' retrieved from /opt/airflow/dags/locket-lunch.py
[2025-01-16T04:21:20.225+0000] {logging_mixin.py:190} INFO - [2025-01-16T04:21:20.225+0000] {dag.py:3239} INFO - Sync 1 DAGs
[2025-01-16T04:21:20.239+0000] {logging_mixin.py:190} INFO - [2025-01-16T04:21:20.239+0000] {dag.py:4180} INFO - Setting next_dagrun for store_rocket_launches_v2 to None, run_after=None
[2025-01-16T04:21:20.273+0000] {processor.py:208} INFO - Processing /opt/airflow/dags/locket-lunch.py took 0.441 seconds
[2025-01-16T04:21:50.697+0000] {processor.py:186} INFO - Started process (PID=377) to work on /opt/airflow/dags/locket-lunch.py
[2025-01-16T04:21:50.698+0000] {processor.py:914} INFO - Processing file /opt/airflow/dags/locket-lunch.py for tasks to queue
[2025-01-16T04:21:50.702+0000] {logging_mixin.py:190} INFO - [2025-01-16T04:21:50.702+0000] {dagbag.py:588} INFO - Filling up the DagBag from /opt/airflow/dags/locket-lunch.py
[2025-01-16T04:21:50.719+0000] {processor.py:925} INFO - DAG(s) 'store_rocket_launches_v2' retrieved from /opt/airflow/dags/locket-lunch.py
[2025-01-16T04:21:50.756+0000] {logging_mixin.py:190} INFO - [2025-01-16T04:21:50.755+0000] {dag.py:3239} INFO - Sync 1 DAGs
[2025-01-16T04:21:50.773+0000] {logging_mixin.py:190} INFO - [2025-01-16T04:21:50.772+0000] {dag.py:4180} INFO - Setting next_dagrun for store_rocket_launches_v2 to None, run_after=None
[2025-01-16T04:21:50.803+0000] {processor.py:208} INFO - Processing /opt/airflow/dags/locket-lunch.py took 0.120 seconds
[2025-01-16T04:22:20.853+0000] {processor.py:186} INFO - Started process (PID=384) to work on /opt/airflow/dags/locket-lunch.py
[2025-01-16T04:22:20.869+0000] {processor.py:914} INFO - Processing file /opt/airflow/dags/locket-lunch.py for tasks to queue
[2025-01-16T04:22:20.876+0000] {logging_mixin.py:190} INFO - [2025-01-16T04:22:20.875+0000] {dagbag.py:588} INFO - Filling up the DagBag from /opt/airflow/dags/locket-lunch.py
[2025-01-16T04:22:20.893+0000] {processor.py:925} INFO - DAG(s) 'store_rocket_launches_v2' retrieved from /opt/airflow/dags/locket-lunch.py
[2025-01-16T04:22:20.938+0000] {logging_mixin.py:190} INFO - [2025-01-16T04:22:20.937+0000] {dag.py:3239} INFO - Sync 1 DAGs
[2025-01-16T04:22:20.966+0000] {logging_mixin.py:190} INFO - [2025-01-16T04:22:20.965+0000] {dag.py:4180} INFO - Setting next_dagrun for store_rocket_launches_v2 to None, run_after=None
[2025-01-16T04:22:20.995+0000] {processor.py:208} INFO - Processing /opt/airflow/dags/locket-lunch.py took 0.157 seconds
[2025-01-16T04:22:51.104+0000] {processor.py:186} INFO - Started process (PID=391) to work on /opt/airflow/dags/locket-lunch.py
[2025-01-16T04:22:51.106+0000] {processor.py:914} INFO - Processing file /opt/airflow/dags/locket-lunch.py for tasks to queue
[2025-01-16T04:22:51.110+0000] {logging_mixin.py:190} INFO - [2025-01-16T04:22:51.110+0000] {dagbag.py:588} INFO - Filling up the DagBag from /opt/airflow/dags/locket-lunch.py
[2025-01-16T04:22:51.135+0000] {processor.py:925} INFO - DAG(s) 'store_rocket_launches_v2' retrieved from /opt/airflow/dags/locket-lunch.py
[2025-01-16T04:22:51.185+0000] {logging_mixin.py:190} INFO - [2025-01-16T04:22:51.184+0000] {dag.py:3239} INFO - Sync 1 DAGs
[2025-01-16T04:22:51.213+0000] {logging_mixin.py:190} INFO - [2025-01-16T04:22:51.212+0000] {dag.py:4180} INFO - Setting next_dagrun for store_rocket_launches_v2 to None, run_after=None
[2025-01-16T04:22:51.251+0000] {processor.py:208} INFO - Processing /opt/airflow/dags/locket-lunch.py took 0.161 seconds
[2025-01-16T04:23:21.340+0000] {processor.py:186} INFO - Started process (PID=398) to work on /opt/airflow/dags/locket-lunch.py
[2025-01-16T04:23:21.344+0000] {processor.py:914} INFO - Processing file /opt/airflow/dags/locket-lunch.py for tasks to queue
[2025-01-16T04:23:21.348+0000] {logging_mixin.py:190} INFO - [2025-01-16T04:23:21.347+0000] {dagbag.py:588} INFO - Filling up the DagBag from /opt/airflow/dags/locket-lunch.py
[2025-01-16T04:23:21.371+0000] {processor.py:925} INFO - DAG(s) 'store_rocket_launches_v2' retrieved from /opt/airflow/dags/locket-lunch.py
[2025-01-16T04:23:21.437+0000] {logging_mixin.py:190} INFO - [2025-01-16T04:23:21.436+0000] {dag.py:3239} INFO - Sync 1 DAGs
[2025-01-16T04:23:21.464+0000] {logging_mixin.py:190} INFO - [2025-01-16T04:23:21.464+0000] {dag.py:4180} INFO - Setting next_dagrun for store_rocket_launches_v2 to None, run_after=None
[2025-01-16T04:23:21.513+0000] {processor.py:208} INFO - Processing /opt/airflow/dags/locket-lunch.py took 0.182 seconds
[2025-01-16T04:23:51.630+0000] {processor.py:186} INFO - Started process (PID=405) to work on /opt/airflow/dags/locket-lunch.py
[2025-01-16T04:23:51.631+0000] {processor.py:914} INFO - Processing file /opt/airflow/dags/locket-lunch.py for tasks to queue
[2025-01-16T04:23:51.634+0000] {logging_mixin.py:190} INFO - [2025-01-16T04:23:51.633+0000] {dagbag.py:588} INFO - Filling up the DagBag from /opt/airflow/dags/locket-lunch.py
[2025-01-16T04:23:51.652+0000] {processor.py:925} INFO - DAG(s) 'store_rocket_launches_v2' retrieved from /opt/airflow/dags/locket-lunch.py
[2025-01-16T04:23:51.688+0000] {logging_mixin.py:190} INFO - [2025-01-16T04:23:51.687+0000] {dag.py:3239} INFO - Sync 1 DAGs
[2025-01-16T04:23:51.708+0000] {logging_mixin.py:190} INFO - [2025-01-16T04:23:51.707+0000] {dag.py:4180} INFO - Setting next_dagrun for store_rocket_launches_v2 to None, run_after=None
[2025-01-16T04:23:51.742+0000] {processor.py:208} INFO - Processing /opt/airflow/dags/locket-lunch.py took 0.120 seconds
[2025-01-16T04:24:21.799+0000] {processor.py:186} INFO - Started process (PID=413) to work on /opt/airflow/dags/locket-lunch.py
[2025-01-16T04:24:21.815+0000] {processor.py:914} INFO - Processing file /opt/airflow/dags/locket-lunch.py for tasks to queue
[2025-01-16T04:24:21.819+0000] {logging_mixin.py:190} INFO - [2025-01-16T04:24:21.818+0000] {dagbag.py:588} INFO - Filling up the DagBag from /opt/airflow/dags/locket-lunch.py
[2025-01-16T04:24:21.838+0000] {processor.py:925} INFO - DAG(s) 'store_rocket_launches_v2' retrieved from /opt/airflow/dags/locket-lunch.py
[2025-01-16T04:24:21.888+0000] {logging_mixin.py:190} INFO - [2025-01-16T04:24:21.888+0000] {dag.py:3239} INFO - Sync 1 DAGs
[2025-01-16T04:24:21.909+0000] {logging_mixin.py:190} INFO - [2025-01-16T04:24:21.909+0000] {dag.py:4180} INFO - Setting next_dagrun for store_rocket_launches_v2 to None, run_after=None
[2025-01-16T04:24:21.948+0000] {processor.py:208} INFO - Processing /opt/airflow/dags/locket-lunch.py took 0.159 seconds
[2025-01-16T04:24:52.060+0000] {processor.py:186} INFO - Started process (PID=420) to work on /opt/airflow/dags/locket-lunch.py
[2025-01-16T04:24:52.063+0000] {processor.py:914} INFO - Processing file /opt/airflow/dags/locket-lunch.py for tasks to queue
[2025-01-16T04:24:52.068+0000] {logging_mixin.py:190} INFO - [2025-01-16T04:24:52.067+0000] {dagbag.py:588} INFO - Filling up the DagBag from /opt/airflow/dags/locket-lunch.py
[2025-01-16T04:24:52.136+0000] {processor.py:925} INFO - DAG(s) 'store_rocket_launches_v2' retrieved from /opt/airflow/dags/locket-lunch.py
[2025-01-16T04:24:52.359+0000] {logging_mixin.py:190} INFO - [2025-01-16T04:24:52.358+0000] {dag.py:3239} INFO - Sync 1 DAGs
[2025-01-16T04:24:52.444+0000] {logging_mixin.py:190} INFO - [2025-01-16T04:24:52.443+0000] {dag.py:4180} INFO - Setting next_dagrun for store_rocket_launches_v2 to None, run_after=None
[2025-01-16T04:24:52.508+0000] {processor.py:208} INFO - Processing /opt/airflow/dags/locket-lunch.py took 0.472 seconds
[2025-01-16T04:25:22.624+0000] {processor.py:186} INFO - Started process (PID=433) to work on /opt/airflow/dags/locket-lunch.py
[2025-01-16T04:25:22.627+0000] {processor.py:914} INFO - Processing file /opt/airflow/dags/locket-lunch.py for tasks to queue
[2025-01-16T04:25:22.630+0000] {logging_mixin.py:190} INFO - [2025-01-16T04:25:22.629+0000] {dagbag.py:588} INFO - Filling up the DagBag from /opt/airflow/dags/locket-lunch.py
[2025-01-16T04:25:22.646+0000] {processor.py:925} INFO - DAG(s) 'store_rocket_launches_v2' retrieved from /opt/airflow/dags/locket-lunch.py
[2025-01-16T04:25:22.686+0000] {logging_mixin.py:190} INFO - [2025-01-16T04:25:22.685+0000] {dag.py:3239} INFO - Sync 1 DAGs
[2025-01-16T04:25:22.708+0000] {logging_mixin.py:190} INFO - [2025-01-16T04:25:22.708+0000] {dag.py:4180} INFO - Setting next_dagrun for store_rocket_launches_v2 to None, run_after=None
[2025-01-16T04:25:22.738+0000] {processor.py:208} INFO - Processing /opt/airflow/dags/locket-lunch.py took 0.124 seconds
[2025-01-16T04:25:52.862+0000] {processor.py:186} INFO - Started process (PID=440) to work on /opt/airflow/dags/locket-lunch.py
[2025-01-16T04:25:52.866+0000] {processor.py:914} INFO - Processing file /opt/airflow/dags/locket-lunch.py for tasks to queue
[2025-01-16T04:25:52.875+0000] {logging_mixin.py:190} INFO - [2025-01-16T04:25:52.874+0000] {dagbag.py:588} INFO - Filling up the DagBag from /opt/airflow/dags/locket-lunch.py
[2025-01-16T04:25:52.905+0000] {processor.py:925} INFO - DAG(s) 'store_rocket_launches_v2' retrieved from /opt/airflow/dags/locket-lunch.py
[2025-01-16T04:25:52.961+0000] {logging_mixin.py:190} INFO - [2025-01-16T04:25:52.961+0000] {dag.py:3239} INFO - Sync 1 DAGs
[2025-01-16T04:25:53.003+0000] {logging_mixin.py:190} INFO - [2025-01-16T04:25:53.003+0000] {dag.py:4180} INFO - Setting next_dagrun for store_rocket_launches_v2 to None, run_after=None
[2025-01-16T04:25:53.071+0000] {processor.py:208} INFO - Processing /opt/airflow/dags/locket-lunch.py took 0.223 seconds
[2025-01-16T04:26:23.160+0000] {processor.py:186} INFO - Started process (PID=447) to work on /opt/airflow/dags/locket-lunch.py
[2025-01-16T04:26:23.163+0000] {processor.py:914} INFO - Processing file /opt/airflow/dags/locket-lunch.py for tasks to queue
[2025-01-16T04:26:23.171+0000] {logging_mixin.py:190} INFO - [2025-01-16T04:26:23.171+0000] {dagbag.py:588} INFO - Filling up the DagBag from /opt/airflow/dags/locket-lunch.py
[2025-01-16T04:26:23.200+0000] {processor.py:925} INFO - DAG(s) 'store_rocket_launches_v2' retrieved from /opt/airflow/dags/locket-lunch.py
[2025-01-16T04:26:23.272+0000] {logging_mixin.py:190} INFO - [2025-01-16T04:26:23.271+0000] {dag.py:3239} INFO - Sync 1 DAGs
[2025-01-16T04:26:23.303+0000] {logging_mixin.py:190} INFO - [2025-01-16T04:26:23.303+0000] {dag.py:4180} INFO - Setting next_dagrun for store_rocket_launches_v2 to None, run_after=None
[2025-01-16T04:26:23.182+0000] {processor.py:208} INFO - Processing /opt/airflow/dags/locket-lunch.py took 0.219 seconds
[2025-01-16T04:26:53.360+0000] {processor.py:186} INFO - Started process (PID=454) to work on /opt/airflow/dags/locket-lunch.py
[2025-01-16T04:26:53.361+0000] {processor.py:914} INFO - Processing file /opt/airflow/dags/locket-lunch.py for tasks to queue
[2025-01-16T04:26:53.364+0000] {logging_mixin.py:190} INFO - [2025-01-16T04:26:53.363+0000] {dagbag.py:588} INFO - Filling up the DagBag from /opt/airflow/dags/locket-lunch.py
[2025-01-16T04:26:53.383+0000] {processor.py:925} INFO - DAG(s) 'store_rocket_launches_v2' retrieved from /opt/airflow/dags/locket-lunch.py
[2025-01-16T04:26:53.428+0000] {logging_mixin.py:190} INFO - [2025-01-16T04:26:53.428+0000] {dag.py:3239} INFO - Sync 1 DAGs
[2025-01-16T04:26:53.455+0000] {logging_mixin.py:190} INFO - [2025-01-16T04:26:53.455+0000] {dag.py:4180} INFO - Setting next_dagrun for store_rocket_launches_v2 to None, run_after=None
[2025-01-16T04:26:53.488+0000] {processor.py:208} INFO - Processing /opt/airflow/dags/locket-lunch.py took 0.136 seconds
